#
# A fatal error has been detected by the Java Runtime Environment:
#
#  EXCEPTION_ACCESS_VIOLATION (0xc0000005) at pc=0x0000000100000004, pid=3492, tid=4540
#
# JRE version: OpenJDK Runtime Environment (17.0.1+12) (build 17.0.1+12-39)
# Java VM: OpenJDK 64-Bit Server VM (17.0.1+12-39, mixed mode, sharing, tiered, compressed oops, compressed class ptrs, g1 gc, windows-amd64)
# Problematic frame:
# C  0x0000000100000004
#
# No core dump will be written. Minidumps are not enabled by default on client versions of Windows
#
# If you would like to submit a bug report, please visit:
#   https://bugreport.java.com/bugreport/crash.jsp
# The crash happened outside the Java Virtual Machine in native code.
# See problematic frame for where to report the bug.
#

---------------  S U M M A R Y ------------

Command Line: -agentlib:jdwp=transport=dt_socket,address=127.0.0.1:50448,suspend=y,server=n -Dvisualvm.id=10335903541900 -javaagent:C:\Users\yah\AppData\Local\JetBrains\IdeaIC2023.1\captureAgent\debugger-agent.jar -Dfile.encoding=UTF-8 com.infine.demo.bcminer.cl.CLMiner

Host: AMD Ryzen 5 3600 6-Core Processor              , 12 cores, 15G,  Windows 10 , 64 bit Build 19041 (10.0.19041.2788)
Time: Sat Apr 29 13:23:59 2023 Paris, Madrid (heure duild 19041 (10.0.19041.2788) elapsed time: 91.239376 seconds (0d 0h 1m 31s)

---------------  T H R E A D  ---------------

Current thread (0x00000291b8cdb0b0):  JavaThread "Thread-0" [_thread_in_native, id=4540, stack(0x000000f367e00000,0x000000f367f00000)]

Stack: [0x000000f367e00000,0x000000f367f00000],  sp=0x000000f367efebd8,  free space=1018k
Native frames: (J=compiled Java code, j=interpreted, Vv=VM code, C=native code)
C  0x0000000100000004

Java frames: (J=compiled Java code, j=interpreted, Vv=VM code)
j  org.lwjgl.system.JNI.callPJPPPP(JJJJJJ)J+0
j  org.lwjgl.opencl.CL10.nclCreateBuffer(JJJJJ)J+29
j  org.lwjgl.opencl.CL10.clCreateBuffer(JJJLjava/nio/IntBuffer;)J+22
j  com.infine.demo.bcminer.cl.CLMiner.mine(Lcom/infine/demo/bcminer/BlockHeader;I)Ljava/lang/Integer;+49
j  com.infine.demo.bcminer.Bench.start(Ljava/util/concurrent/CompletableFuture;Lcom/infine/demo/bcminer/IMiner;Lcom/infine/demo/bcminer/BlockHeader;I)V+3
j  com.infine.demo.bcminer.Bench.lambda$start$0(Ljava/util/concurrent/CompletableFuture;Lcom/infine/demo/bcminer/IMiner;Lcom/infine/demo/bcminer/BlockHeader;I)V+4
j  com.infine.demo.bcminer.Bench$$Lambda$71+0x0000000800cc0c70.run()V+16
j  java.lang.Thread.run()V+11 java.base@17.0.1
v  ~StubRoutines::call_stub

siginfo: EXCEPTION_ACCESS_VIOLATION (0xc0000005), data execution prevention violation at address 0x0000000100000004


Register to memory mapping:

RIP=0x0000000100000004 is an unknown value
RAX=0x0 is NULL
RBX={method} {0x00000291aa8cc388} 'callPJPPPP' '(JJJJJJ)J' in 'org/lwjgl/system/JNI'
RCX=0x00000291ab295220 points into unknown readable memory: 0x00000291850c93a0 | a0 93 0c 85 91 02 00 00
RDX=0x0000000000000004 is an unknown value
RSP=0x000000f367efebd8 is pointing into the stack for thread: 0x00000291b8cdb0b0
RBP=0x000000f367efeca8 is pointing into the stack for thread: 0x00000291b8cdb0b0
RSI=0x000000070f40fca0 is an oop: java.lang.ref.ReferenceQueue$Null 
{0x000000070f40fca0} - klass: 'java/lang/ref/ReferenceQueue$Null'
 - ---- fields (total size 4 words):
 - private final 'lock' 'Ljava/lang/ref/ReferenceQueue$Lock;' @12  a 'java/lang/ref/ReferenceQueue$Lock'{0x000000070f40fcc0} (e1e81f98)
 - private 'queueLength' 'J' @16  0 (0 0)
 - private volatile 'head' 'Ljava/lang/ref/Reference;' @24  NULL (0)
RDI=0x000002918e909efa is at code_begin+3482 in an Interpreter codelet
return entry points  [0x000002918e909160, 0x000002918e90b380]  8736 bytes
R8 =0x0000000000000034 is an unknown value
R9 =0x0 is NULL
R10=0x00000291ab2901d0 points into unknown readable memory: 0x00000291ab286fb0 | b0 6f 28 ab 91 02 00 00
R11=0x000000070f501c60 is an oop: java.lang.Class 
{0x000000070f501c60} - klass: 'java/lang/Class'
 - ---- fields (total size 14 words):
 - private volatile transient 'classRedefinedCount' 'I' @12  0
 - private volatile transient 'cachedConstructor' 'Ljava/lang/reflect/Constructor;' @40  NULL (0)
 - private transient 'name' 'Ljava/lang/String;' @44  "org.lwjgl.system.JNI"{0x000000070f501cd0} (e1ea039a)
 - private transient 'module' 'Ljava/lang/Module;' @48  a 'java/lang/Module'{0x000000070f429470} (e1e8528e)
 - private final 'classLoader' 'Ljava/lang/ClassLoader;' @52  a 'jdk/internal/loader/ClassLoaders$AppClassLoader'{0x000000070f400000} (e1e80000)
 - private transient 'classData' 'Ljava/lang/Object;' @56  NULL (0)
 - private transient 'packageName' 'Ljava/lang/String;' @60  "org.lwjgl.system"{0x000000070f4fbf68} (e1e9f7ed)
 - private final 'componentType' 'Ljava/lang/Class;' @64  NULL (0)
 - private volatile transient 'reflectionData' 'Ljava/lang/ref/SoftReference;' @68  NULL (0)
 - private volatile transient 'genericInfo' 'Lsun/reflect/generics/repository/ClassRepository;' @72  NULL (0)
 - private volatile transient 'enumConstants' '[Ljava/lang/Object;' @76  NULL (0)
 - private volatile transient 'enumConstantDirectory' 'Ljava/util/Map;' @80  NULL (0)
 - private volatile transient 'annotationData' 'Ljava/lang/Class$AnnotationData;' @84  NULL (0)
 - private volatile transient 'annotationType' 'Lsun/reflect/annotation/AnnotationType;' @88  NULL (0)
 - transient 'classValueMap' 'Ljava/lang/ClassValue$ClassValueMap;' @92  NULL (0)
 - signature: Lorg/lwjgl/system/JNI;
 - fake entry for mirror: 'org/lwjgl/system/JNI'
 - fake entry for array: NULL
 - fake entry for oop_size: 14
 - fake entry for static_oop_field_count: 0
R12=0x0 is NULL
R13={method} {0x00000291aa8cc388} 'callPJPPPP' '(JJJJJJ)J' in 'org/lwjgl/system/JNI'
R14=0x000000f367efed20 is pointing into the stack for thread: 0x00000291b8cdb0b0
R15=0x00000291b8cdb0b0 is a thread


Registers:
RAX=0x0000000000000000, RBX=0x00000291aa8cc380, RCX=0x00000291ab295220, RDX=0x0000000000000004
RSP=0x000000f367efebd8, RBP=0x000000f367efeca8, RSI=0x000000070f40fca0, RDI=0x000002918e909efa
R8 =0x0000000000000034, R9 =0x0000000000000000, R10=0x00000291ab2901d0, R11=0x000000070f501c60
R12=0x0000000000000000, R13=0x00000291aa8cc380, R14=0x000000f367efed20, R15=0x00000291b8cdb0b0
RIP=0x0000000100000004, EFLAGS=0x0000000000010202

Top of Stack: (sp=0x000000f367efebd8)
0x000000f367efebd8:   000002918e911366 000000f367efeca8
0x000000f367efebe8:   000000f367efec60 000000f367efec60
0x000000f367efebf8:   000002918e910e1d 0000000000000000
0x000000f367efec08:   0000000000000000 0000000000000000
0x000000f367efec18:   00007ffbb1892670 000002918e909efa
0x000000f367efec28:   000002918e910e60 00000291aa8cc380
0x000000f367efec38:   000000070f40fca0 000000f367efecb0
0x000000f367efec48:   000002918e91eee1 000002918e908e10
0x000000f367efec58:   000002918e910e1d 000000f367efec60
0x000000f367efec68:   00000291aa8cc380 000000f367efed20
0x000000f367efec78:   00000291aa8ef590 0000000000000000
0x000000f367efec88:   000000070f501c60 00000291aa8cc380
0x000000f367efec98:   0000000000000000 000000f367efecc8
0x000000f367efeca8:   000000f367efed70 000002918e90a218
0x000000f367efecb8:   000000070f501c60 000002918e90d4f7
0x000000f367efecc8:   00007ffbb1892670 0000000000000000 

Instructions: (pc=0x0000000100000004)
0x00000000ffffff04:   ?? ?? ?? ?? ?? ?? ?? ?? ?? ?? ?? ?? ?? ?? ?? ??
0x00000000ffffff14:   ?? ?? ?? ?? ?? ?? ?? ?? ?? ?? ?? ?? ?? ?? ?? ??
0x00000000ffffff24:   ?? ?? ?? ?? ?? ?? ?? ?? ?? ?? ?? ?? ?? ?? ?? ??
0x00000000ffffff34:   ?? ?? ?? ?? ?? ?? ?? ?? ?? ?? ?? ?? ?? ?? ?? ??
0x00000000ffffff44:   ?? ?? ?? ?? ?? ?? ?? ?? ?? ?? ?? ?? ?? ?? ?? ??
0x00000000ffffff54:   ?? ?? ?? ?? ?? ?? ?? ?? ?? ?? ?? ?? ?? ?? ?? ??
0x00000000ffffff64:   ?? ?? ?? ?? ?? ?? ?? ?? ?? ?? ?? ?? ?? ?? ?? ??
0x00000000ffffff74:   ?? ?? ?? ?? ?? ?? ?? ?? ?? ?? ?? ?? ?? ?? ?? ??
0x00000000ffffff84:   ?? ?? ?? ?? ?? ?? ?? ?? ?? ?? ?? ?? ?? ?? ?? ??
0x00000000ffffff94:   ?? ?? ?? ?? ?? ?? ?? ?? ?? ?? ?? ?? ?? ?? ?? ??
0x00000000ffffffa4:   ?? ?? ?? ?? ?? ?? ?? ?? ?? ?? ?? ?? ?? ?? ?? ??
0x00000000ffffffb4:   ?? ?? ?? ?? ?? ?? ?? ?? ?? ?? ?? ?? ?? ?? ?? ??
0x00000000ffffffc4:   ?? ?? ?? ?? ?? ?? ?? ?? ?? ?? ?? ?? ?? ?? ?? ??
0x00000000ffffffd4:   ?? ?? ?? ?? ?? ?? ?? ?? ?? ?? ?? ?? ?? ?? ?? ??
0x00000000ffffffe4:   ?? ?? ?? ?? ?? ?? ?? ?? ?? ?? ?? ?? ?? ?? ?? ??
0x00000000fffffff4:   ?? ?? ?? ?? ?? ?? ?? ?? ?? ?? ?? ?? ?? ?? ?? ??
0x0000000100000004:   ?? ?? ?? ?? ?? ?? ?? ?? ?? ?? ?? ?? ?? ?? ?? ??
0x0000000100000014:   ?? ?? ?? ?? ?? ?? ?? ?? ?? ?? ?? ?? ?? ?? ?? ??
0x0000000100000024:   ?? ?? ?? ?? ?? ?? ?? ?? ?? ?? ?? ?? ?? ?? ?? ??
0x0000000100000034:   ?? ?? ?? ?? ?? ?? ?? ?? ?? ?? ?? ?? ?? ?? ?? ??
0x0000000100000044:   ?? ?? ?? ?? ?? ?? ?? ?? ?? ?? ?? ?? ?? ?? ?? ??
0x0000000100000054:   ?? ?? ?? ?? ?? ?? ?? ?? ?? ?? ?? ?? ?? ?? ?? ??
0x0000000100000064:   ?? ?? ?? ?? ?? ?? ?? ?? ?? ?? ?? ?? ?? ?? ?? ??
0x0000000100000074:   ?? ?? ?? ?? ?? ?? ?? ?? ?? ?? ?? ?? ?? ?? ?? ??
0x0000000100000084:   ?? ?? ?? ?? ?? ?? ?? ?? ?? ?? ?? ?? ?? ?? ?? ??
0x0000000100000094:   ?? ?? ?? ?? ?? ?? ?? ?? ?? ?? ?? ?? ?? ?? ?? ??
0x00000001000000a4:   ?? ?? ?? ?? ?? ?? ?? ?? ?? ?? ?? ?? ?? ?? ?? ??
0x00000001000000b4:   ?? ?? ?? ?? ?? ?? ?? ?? ?? ?? ?? ?? ?? ?? ?? ??
0x00000001000000c4:   ?? ?? ?? ?? ?? ?? ?? ?? ?? ?? ?? ?? ?? ?? ?? ??
0x00000001000000d4:   ?? ?? ?? ?? ?? ?? ?? ?? ?? ?? ?? ?? ?? ?? ?? ??
0x00000001000000e4:   ?? ?? ?? ?? ?? ?? ?? ?? ?? ?? ?? ?? ?? ?? ?? ??
0x00000001000000f4:   ?? ?? ?? ?? ?? ?? ?? ?? ?? ?? ?? ?? ?? ?? ?? ?? 


Stack slot to memory mapping:
stack at sp + 0 slots: 0x000002918e911366 is at code_begin+1958 in an Interpreter codelet
method entry point (kind = native)  [0x000002918e910bc0, 0x000002918e911ce0]  4384 bytes
stack at sp + 1 slots: 0x000000f367efeca8 is pointing into the stack for thread: 0x00000291b8cdb0b0
stack at sp + 2 slots: 0x000000f367efec60 is pointing into the stack for thread: 0x00000291b8cdb0b0
stack at sp + 3 slots: 0x000000f367efec60 is pointing into the stack for thread: 0x00000291b8cdb0b0
stack at sp + 4 slots: 0x000002918e910e1d is at code_begin+605 in an Interpreter codelet
method entry point (kind = native)  [0x000002918e910bc0, 0x000002918e911ce0]  4384 bytes
stack at sp + 5 slots: 0x0 is NULL
stack at sp + 6 slots: 0x0 is NULL
stack at sp + 7 slots: 0x0 is NULL


---------------  P R O C E S S  ---------------

Threads class SMR info:
_java_thread_list=0x00000291b90bf8d0, length=14, elements={
0x00000291aa29f040, 0x00000291aa2a0ec0, 0x00000291aa2aeac0, 0x00000291aac02780,
0x00000291aac05850, 0x00000291aac06200, 0x00000291aac072f0, 0x00000291aac101a0,
0x00000291aac3e880, 0x00000291aa288060, 0x00000291aade2ff0, 0x00000291aae10e00,
0x00000291b8cdb0b0, 0x00000291871006c0
}

Java Threads: ( => current thread )
  0x00000291aa29f040 JavaThread "Reference Handler" daemon [_thread_blocked, id=9016, stack(0x000000f365c00000,0x000000f365d00000)]
  0x00000291aa2a0ec0 JavaThread "Finalizer" daemon [_thread_blocked, id=11000, stack(0x000000f365d00000,0x000000f365e00000)]
  0x00000291aa2aeac0 JavaThread "Signal Dispatcher" daemon [_thread_blocked, id=9404, stack(0x000000f365e00000,0x000000f365f00000)]
  0x00000291aac02780 JavaThread "Attach Listener" daemon [_thread_blocked, id=312, stack(0x000000f365f00000,0x000000f366000000)]
  0x00000291aac05850 JavaThread "Service Thread" daemon [_thread_blocked, id=9664, stack(0x000000f366000000,0x000000f366100000)]
  0x00000291aac06200 JavaThread "Monitor Deflation Thread" daemon [_thread_blocked, id=9620, stack(0x000000f366100000,0x000000f366200000)]
  0x00000291aac072f0 JavaThread "C2 CompilerThread0" daemon [_thread_blocked, id=32, stack(0x000000f366200000,0x000000f366300000)]
  0x00000291aac101a0 JavaThread "C1 CompilerThread0" daemon [_thread_blocked, id=6676, stack(0x000000f366300000,0x000000f366400000)]
  0x00000291aac3e880 JavaThread "Sweeper thread" daemon [_thread_blocked, id=6944, stack(0x000000f366400000,0x000000f366500000)]
  0x00000291aa288060 JavaThread "Common-Cleaner" daemon [_thread_blocked, id=10200, stack(0x000000f366500000,0x000000f366600000)]
  0x00000291aade2ff0 JavaThread "JDWP Event Helper Thread" daemon [_thread_blocked, id=2832, stack(0x000000f366700000,0x000000f366800000)]
  0x00000291aae10e00 JavaThread "Notification Thread" daemon [_thread_blocked, id=2016, stack(0x000000f366900000,0x000000f366a00000)]
=>0x00000291b8cdb0b0 JavaThread "Thread-0" [_thread_in_native, id=4540, stack(0x000000f367e00000,0x000000f367f00000)]
  0x00000291871006c0 JavaThread "DestroyJavaVM" [_thread_blocked, id=8180, stack(0x000000f365500000,0x000000f365600000)]

Other Threads:
  0x00000291aa299440 VMThread "VM Thread" [stack: 0x000000f365b00000,0x000000f365c00000] [id=1420]
  0x00000291aae112d0 WatcherThread [stack: 0x000000f366a00000,0x000000f366b00000] [id=7588]
  0x0000029187151420 GCTaskThread "GC Thread#0" [stack: 0x000000f365600000,0x000000f365700000] [id=9252]
  0x00000291b8a3c890 GCTaskThread "GC Thread#1" [stack: 0x000000f367400000,0x000000f367500000] [id=10444]
  0x00000291b899e890 GCTaskThread "GC Thread#2" [stack: 0x000000f367500000,0x000000f367600000] [id=1636]
  0x00000291b89a4560 GCTaskThread "GC Thread#3" [stack: 0x000000f367600000,0x000000f367700000] [id=3052]
  0x00000291b8893650 GCTaskThread "GC Thread#4" [stack: 0x000000f367700000,0x000000f367800000] [id=9524]
  0x00000291b89d0850 GCTaskThread "GC Thread#5" [stack: 0x000000f367800000,0x000000f367900000] [id=3548]
  0x00000291b89d1b20 GCTaskThread "GC Thread#6" [stack: 0x000000f367900000,0x000000f367a00000] [id=2500]
  0x00000291b8ab1490 GCTaskThread "GC Thread#7" [stack: 0x000000f367a00000,0x000000f367b00000] [id=1960]
  0x00000291b8bcf920 GCTaskThread "GC Thread#8" [stack: 0x000000f367b00000,0x000000f367c00000] [id=10056]
  0x00000291b89b1ea0 GCTaskThread "GC Thread#9" [stack: 0x000000f367c00000,0x000000f367d00000] [id=1844]
  0x00000291871632b0 ConcurrentGCThread "G1 Main Marker" [stack: 0x000000f365700000,0x000000f365800000] [id=6108]
  0x0000029187163cc0 ConcurrentGCThread "G1 Conc#0" [stack: 0x000000f365800000,0x000000f365900000] [id=9044]
  0x00000291871decb0 ConcurrentGCThread "G1 Refine#0" [stack: 0x000000f365900000,0x000000f365a00000] [id=3508]
  0x00000291aa1548d0 ConcurrentGCThread "G1 Service" [stack: 0x000000f365a00000,0x000000f365b00000] [id=1384]

Threads with active compile tasks:

VM state: not at safepoint (normal execution)

VM Mutex/Monitor currently owned by a thread: None

Heap address: 0x0000000700c00000, size: 4084 MB, Compressed Oops mode: Zero based, Oop shift amount: 3

CDS archive(s) mapped at: [0x0000000800000000-0x0000000800bc0000-0x0000000800bc0000), size 12320768, SharedBaseAddress: 0x0000000800000000, ArchiveRelocationMode: 0.
Compressed class space mapped at: 0x0000000800c00000-0x0000000840c00000, reserved size: 1073741824
Narrow klass base: 0x0000000800000000, Narrow klass shift: 0, Narrow klass range: 0x100000000

GC Precious Log:
 CPUs: 12 total, 12 available
 Memory: 16332M
 Large Page Support: Disabled
 NUMA Support: Disabled
 Compressed Oops: Enabled (Zero based)
 Heap Region Size: 2M
 Heap Min Capacity: 8M
 Heap Initial Capacity: 256M
 Heap Max Capacity: 4084M
 Pre-touch: Disabled
 Parallel Workers: 10
 Concurrent Workers: 3
 Concurrent Refinement Workers: 10
 Periodic GC: Disabled

Heap:
 garbage-first heap   total 262144K, used 12981K [0x0000000700c00000, 0x0000000800000000)
  region size 2048K, 8 young (16384K), 2 survivors (4096K)
 Metaspace       used 8267K, committed 8512K, reserved 1064960K
  class space    used 773K, committed 896K, reserved 1048576K

Heap Regions: E=young(eden), S=young(survivor), O=old, HS=humongous(starts), HC=humongous(continues), CS=collection set, F=free, OA=open archive, CA=closed archive, TAMS=top-at-mark-start (previous, next)
|   0|0x0000000700c00000, 0x0000000700c00000, 0x0000000700e00000|  0%| F|  |TAMS 0x0000000700c00000, 0x0000000700c00000| Untracked 
|   1|0x0000000700e00000, 0x0000000700e00000, 0x0000000701000000|  0%| F|  |TAMS 0x0000000700e00000, 0x0000000700e00000| Untracked 
|   2|0x0000000701000000, 0x0000000701000000, 0x0000000701200000|  0%| F|  |TAMS 0x0000000701000000, 0x0000000701000000| Untracked 
|   3|0x0000000701200000, 0x0000000701200000, 0x0000000701400000|  0%| F|  |TAMS 0x0000000701200000, 0x0000000701200000| Untracked 
|   4|0x0000000701400000, 0x0000000701400000, 0x0000000701600000|  0%| F|  |TAMS 0x0000000701400000, 0x0000000701400000| Untracked 
|   5|0x0000000701600000, 0x0000000701600000, 0x0000000701800000|  0%| F|  |TAMS 0x0000000701600000, 0x0000000701600000| Untracked 
|   6|0x0000000701800000, 0x0000000701800000, 0x0000000701a00000|  0%| F|  |TAMS 0x0000000701800000, 0x0000000701800000| Untracked 
|   7|0x0000000701a00000, 0x0000000701a00000, 0x0000000701c00000|  0%| F|  |TAMS 0x0000000701a00000, 0x0000000701a00000| Untracked 
|   8|0x0000000701c00000, 0x0000000701c00000, 0x0000000701e00000|  0%| F|  |TAMS 0x0000000701c00000, 0x0000000701c00000| Untracked 
|   9|0x0000000701e00000, 0x0000000701e00000, 0x0000000702000000|  0%| F|  |TAMS 0x0000000701e00000, 0x0000000701e00000| Untracked 
|  10|0x0000000702000000, 0x0000000702000000, 0x0000000702200000|  0%| F|  |TAMS 0x0000000702000000, 0x0000000702000000| Untracked 
|  11|0x0000000702200000, 0x0000000702200000, 0x0000000702400000|  0%| F|  |TAMS 0x0000000702200000, 0x0000000702200000| Untracked 
|  12|0x0000000702400000, 0x0000000702400000, 0x0000000702600000|  0%| F|  |TAMS 0x0000000702400000, 0x0000000702400000| Untracked 
|  13|0x0000000702600000, 0x0000000702600000, 0x0000000702800000|  0%| F|  |TAMS 0x0000000702600000, 0x0000000702600000| Untracked 
|  14|0x0000000702800000, 0x0000000702800000, 0x0000000702a00000|  0%| F|  |TAMS 0x0000000702800000, 0x0000000702800000| Untracked 
|  15|0x0000000702a00000, 0x0000000702a00000, 0x0000000702c00000|  0%| F|  |TAMS 0x0000000702a00000, 0x0000000702a00000| Untracked 
|  16|0x0000000702c00000, 0x0000000702c00000, 0x0000000702e00000|  0%| F|  |TAMS 0x0000000702c00000, 0x0000000702c00000| Untracked 
|  17|0x0000000702e00000, 0x0000000702e00000, 0x0000000703000000|  0%| F|  |TAMS 0x0000000702e00000, 0x0000000702e00000| Untracked 
|  18|0x0000000703000000, 0x0000000703000000, 0x0000000703200000|  0%| F|  |TAMS 0x0000000703000000, 0x0000000703000000| Untracked 
|  19|0x0000000703200000, 0x0000000703200000, 0x0000000703400000|  0%| F|  |TAMS 0x0000000703200000, 0x0000000703200000| Untracked 
|  20|0x0000000703400000, 0x0000000703400000, 0x0000000703600000|  0%| F|  |TAMS 0x0000000703400000, 0x0000000703400000| Untracked 
|  21|0x0000000703600000, 0x0000000703600000, 0x0000000703800000|  0%| F|  |TAMS 0x0000000703600000, 0x0000000703600000| Untracked 
|  22|0x0000000703800000, 0x0000000703800000, 0x0000000703a00000|  0%| F|  |TAMS 0x0000000703800000, 0x0000000703800000| Untracked 
|  23|0x0000000703a00000, 0x0000000703a00000, 0x0000000703c00000|  0%| F|  |TAMS 0x0000000703a00000, 0x0000000703a00000| Untracked 
|  24|0x0000000703c00000, 0x0000000703c00000, 0x0000000703e00000|  0%| F|  |TAMS 0x0000000703c00000, 0x0000000703c00000| Untracked 
|  25|0x0000000703e00000, 0x0000000703e00000, 0x0000000704000000|  0%| F|  |TAMS 0x0000000703e00000, 0x0000000703e00000| Untracked 
|  26|0x0000000704000000, 0x0000000704000000, 0x0000000704200000|  0%| F|  |TAMS 0x0000000704000000, 0x0000000704000000| Untracked 
|  27|0x0000000704200000, 0x0000000704200000, 0x0000000704400000|  0%| F|  |TAMS 0x0000000704200000, 0x0000000704200000| Untracked 
|  28|0x0000000704400000, 0x0000000704400000, 0x0000000704600000|  0%| F|  |TAMS 0x0000000704400000, 0x0000000704400000| Untracked 
|  29|0x0000000704600000, 0x0000000704600000, 0x0000000704800000|  0%| F|  |TAMS 0x0000000704600000, 0x0000000704600000| Untracked 
|  30|0x0000000704800000, 0x0000000704800000, 0x0000000704a00000|  0%| F|  |TAMS 0x0000000704800000, 0x0000000704800000| Untracked 
|  31|0x0000000704a00000, 0x0000000704a00000, 0x0000000704c00000|  0%| F|  |TAMS 0x0000000704a00000, 0x0000000704a00000| Untracked 
|  32|0x0000000704c00000, 0x0000000704c00000, 0x0000000704e00000|  0%| F|  |TAMS 0x0000000704c00000, 0x0000000704c00000| Untracked 
|  33|0x0000000704e00000, 0x0000000704e00000, 0x0000000705000000|  0%| F|  |TAMS 0x0000000704e00000, 0x0000000704e00000| Untracked 
|  34|0x0000000705000000, 0x0000000705000000, 0x0000000705200000|  0%| F|  |TAMS 0x0000000705000000, 0x0000000705000000| Untracked 
|  35|0x0000000705200000, 0x0000000705200000, 0x0000000705400000|  0%| F|  |TAMS 0x0000000705200000, 0x0000000705200000| Untracked 
|  36|0x0000000705400000, 0x0000000705400000, 0x0000000705600000|  0%| F|  |TAMS 0x0000000705400000, 0x0000000705400000| Untracked 
|  37|0x0000000705600000, 0x0000000705600000, 0x0000000705800000|  0%| F|  |TAMS 0x0000000705600000, 0x0000000705600000| Untracked 
|  38|0x0000000705800000, 0x0000000705800000, 0x0000000705a00000|  0%| F|  |TAMS 0x0000000705800000, 0x0000000705800000| Untracked 
|  39|0x0000000705a00000, 0x0000000705a00000, 0x0000000705c00000|  0%| F|  |TAMS 0x0000000705a00000, 0x0000000705a00000| Untracked 
|  40|0x0000000705c00000, 0x0000000705c00000, 0x0000000705e00000|  0%| F|  |TAMS 0x0000000705c00000, 0x0000000705c00000| Untracked 
|  41|0x0000000705e00000, 0x0000000705e00000, 0x0000000706000000|  0%| F|  |TAMS 0x0000000705e00000, 0x0000000705e00000| Untracked 
|  42|0x0000000706000000, 0x0000000706000000, 0x0000000706200000|  0%| F|  |TAMS 0x0000000706000000, 0x0000000706000000| Untracked 
|  43|0x0000000706200000, 0x0000000706200000, 0x0000000706400000|  0%| F|  |TAMS 0x0000000706200000, 0x0000000706200000| Untracked 
|  44|0x0000000706400000, 0x0000000706400000, 0x0000000706600000|  0%| F|  |TAMS 0x0000000706400000, 0x0000000706400000| Untracked 
|  45|0x0000000706600000, 0x0000000706600000, 0x0000000706800000|  0%| F|  |TAMS 0x0000000706600000, 0x0000000706600000| Untracked 
|  46|0x0000000706800000, 0x0000000706800000, 0x0000000706a00000|  0%| F|  |TAMS 0x0000000706800000, 0x0000000706800000| Untracked 
|  47|0x0000000706a00000, 0x0000000706a00000, 0x0000000706c00000|  0%| F|  |TAMS 0x0000000706a00000, 0x0000000706a00000| Untracked 
|  48|0x0000000706c00000, 0x0000000706c00000, 0x0000000706e00000|  0%| F|  |TAMS 0x0000000706c00000, 0x0000000706c00000| Untracked 
|  49|0x0000000706e00000, 0x0000000706e00000, 0x0000000707000000|  0%| F|  |TAMS 0x0000000706e00000, 0x0000000706e00000| Untracked 
|  50|0x0000000707000000, 0x0000000707000000, 0x0000000707200000|  0%| F|  |TAMS 0x0000000707000000, 0x0000000707000000| Untracked 
|  51|0x0000000707200000, 0x0000000707200000, 0x0000000707400000|  0%| F|  |TAMS 0x0000000707200000, 0x0000000707200000| Untracked 
|  52|0x0000000707400000, 0x0000000707400000, 0x0000000707600000|  0%| F|  |TAMS 0x0000000707400000, 0x0000000707400000| Untracked 
|  53|0x0000000707600000, 0x0000000707600000, 0x0000000707800000|  0%| F|  |TAMS 0x0000000707600000, 0x0000000707600000| Untracked 
|  54|0x0000000707800000, 0x0000000707800000, 0x0000000707a00000|  0%| F|  |TAMS 0x0000000707800000, 0x0000000707800000| Untracked 
|  55|0x0000000707a00000, 0x0000000707a00000, 0x0000000707c00000|  0%| F|  |TAMS 0x0000000707a00000, 0x0000000707a00000| Untracked 
|  56|0x0000000707c00000, 0x0000000707c00000, 0x0000000707e00000|  0%| F|  |TAMS 0x0000000707c00000, 0x0000000707c00000| Untracked 
|  57|0x0000000707e00000, 0x0000000707e00000, 0x0000000708000000|  0%| F|  |TAMS 0x0000000707e00000, 0x0000000707e00000| Untracked 
|  58|0x0000000708000000, 0x0000000708000000, 0x0000000708200000|  0%| F|  |TAMS 0x0000000708000000, 0x0000000708000000| Untracked 
|  59|0x0000000708200000, 0x0000000708200000, 0x0000000708400000|  0%| F|  |TAMS 0x0000000708200000, 0x0000000708200000| Untracked 
|  60|0x0000000708400000, 0x0000000708400000, 0x0000000708600000|  0%| F|  |TAMS 0x0000000708400000, 0x0000000708400000| Untracked 
|  61|0x0000000708600000, 0x0000000708600000, 0x0000000708800000|  0%| F|  |TAMS 0x0000000708600000, 0x0000000708600000| Untracked 
|  62|0x0000000708800000, 0x0000000708800000, 0x0000000708a00000|  0%| F|  |TAMS 0x0000000708800000, 0x0000000708800000| Untracked 
|  63|0x0000000708a00000, 0x0000000708a00000, 0x0000000708c00000|  0%| F|  |TAMS 0x0000000708a00000, 0x0000000708a00000| Untracked 
|  64|0x0000000708c00000, 0x0000000708c00000, 0x0000000708e00000|  0%| F|  |TAMS 0x0000000708c00000, 0x0000000708c00000| Untracked 
|  65|0x0000000708e00000, 0x0000000708e00000, 0x0000000709000000|  0%| F|  |TAMS 0x0000000708e00000, 0x0000000708e00000| Untracked 
|  66|0x0000000709000000, 0x0000000709000000, 0x0000000709200000|  0%| F|  |TAMS 0x0000000709000000, 0x0000000709000000| Untracked 
|  67|0x0000000709200000, 0x0000000709200000, 0x0000000709400000|  0%| F|  |TAMS 0x0000000709200000, 0x0000000709200000| Untracked 
|  68|0x0000000709400000, 0x0000000709400000, 0x0000000709600000|  0%| F|  |TAMS 0x0000000709400000, 0x0000000709400000| Untracked 
|  69|0x0000000709600000, 0x0000000709600000, 0x0000000709800000|  0%| F|  |TAMS 0x0000000709600000, 0x0000000709600000| Untracked 
|  70|0x0000000709800000, 0x0000000709800000, 0x0000000709a00000|  0%| F|  |TAMS 0x0000000709800000, 0x0000000709800000| Untracked 
|  71|0x0000000709a00000, 0x0000000709a00000, 0x0000000709c00000|  0%| F|  |TAMS 0x0000000709a00000, 0x0000000709a00000| Untracked 
|  72|0x0000000709c00000, 0x0000000709c00000, 0x0000000709e00000|  0%| F|  |TAMS 0x0000000709c00000, 0x0000000709c00000| Untracked 
|  73|0x0000000709e00000, 0x0000000709e00000, 0x000000070a000000|  0%| F|  |TAMS 0x0000000709e00000, 0x0000000709e00000| Untracked 
|  74|0x000000070a000000, 0x000000070a000000, 0x000000070a200000|  0%| F|  |TAMS 0x000000070a000000, 0x000000070a000000| Untracked 
|  75|0x000000070a200000, 0x000000070a200000, 0x000000070a400000|  0%| F|  |TAMS 0x000000070a200000, 0x000000070a200000| Untracked 
|  76|0x000000070a400000, 0x000000070a400000, 0x000000070a600000|  0%| F|  |TAMS 0x000000070a400000, 0x000000070a400000| Untracked 
|  77|0x000000070a600000, 0x000000070a600000, 0x000000070a800000|  0%| F|  |TAMS 0x000000070a600000, 0x000000070a600000| Untracked 
|  78|0x000000070a800000, 0x000000070a800000, 0x000000070aa00000|  0%| F|  |TAMS 0x000000070a800000, 0x000000070a800000| Untracked 
|  79|0x000000070aa00000, 0x000000070aa00000, 0x000000070ac00000|  0%| F|  |TAMS 0x000000070aa00000, 0x000000070aa00000| Untracked 
|  80|0x000000070ac00000, 0x000000070ac00000, 0x000000070ae00000|  0%| F|  |TAMS 0x000000070ac00000, 0x000000070ac00000| Untracked 
|  81|0x000000070ae00000, 0x000000070ae00000, 0x000000070b000000|  0%| F|  |TAMS 0x000000070ae00000, 0x000000070ae00000| Untracked 
|  82|0x000000070b000000, 0x000000070b000000, 0x000000070b200000|  0%| F|  |TAMS 0x000000070b000000, 0x000000070b000000| Untracked 
|  83|0x000000070b200000, 0x000000070b200000, 0x000000070b400000|  0%| F|  |TAMS 0x000000070b200000, 0x000000070b200000| Untracked 
|  84|0x000000070b400000, 0x000000070b400000, 0x000000070b600000|  0%| F|  |TAMS 0x000000070b400000, 0x000000070b400000| Untracked 
|  85|0x000000070b600000, 0x000000070b600000, 0x000000070b800000|  0%| F|  |TAMS 0x000000070b600000, 0x000000070b600000| Untracked 
|  86|0x000000070b800000, 0x000000070b800000, 0x000000070ba00000|  0%| F|  |TAMS 0x000000070b800000, 0x000000070b800000| Untracked 
|  87|0x000000070ba00000, 0x000000070ba00000, 0x000000070bc00000|  0%| F|  |TAMS 0x000000070ba00000, 0x000000070ba00000| Untracked 
|  88|0x000000070bc00000, 0x000000070bc00000, 0x000000070be00000|  0%| F|  |TAMS 0x000000070bc00000, 0x000000070bc00000| Untracked 
|  89|0x000000070be00000, 0x000000070be00000, 0x000000070c000000|  0%| F|  |TAMS 0x000000070be00000, 0x000000070be00000| Untracked 
|  90|0x000000070c000000, 0x000000070c000000, 0x000000070c200000|  0%| F|  |TAMS 0x000000070c000000, 0x000000070c000000| Untracked 
|  91|0x000000070c200000, 0x000000070c200000, 0x000000070c400000|  0%| F|  |TAMS 0x000000070c200000, 0x000000070c200000| Untracked 
|  92|0x000000070c400000, 0x000000070c400000, 0x000000070c600000|  0%| F|  |TAMS 0x000000070c400000, 0x000000070c400000| Untracked 
|  93|0x000000070c600000, 0x000000070c600000, 0x000000070c800000|  0%| F|  |TAMS 0x000000070c600000, 0x000000070c600000| Untracked 
|  94|0x000000070c800000, 0x000000070c800000, 0x000000070ca00000|  0%| F|  |TAMS 0x000000070c800000, 0x000000070c800000| Untracked 
|  95|0x000000070ca00000, 0x000000070ca00000, 0x000000070cc00000|  0%| F|  |TAMS 0x000000070ca00000, 0x000000070ca00000| Untracked 
|  96|0x000000070cc00000, 0x000000070cc00000, 0x000000070ce00000|  0%| F|  |TAMS 0x000000070cc00000, 0x000000070cc00000| Untracked 
|  97|0x000000070ce00000, 0x000000070ce00000, 0x000000070d000000|  0%| F|  |TAMS 0x000000070ce00000, 0x000000070ce00000| Untracked 
|  98|0x000000070d000000, 0x000000070d000000, 0x000000070d200000|  0%| F|  |TAMS 0x000000070d000000, 0x000000070d000000| Untracked 
|  99|0x000000070d200000, 0x000000070d200000, 0x000000070d400000|  0%| F|  |TAMS 0x000000070d200000, 0x000000070d200000| Untracked 
| 100|0x000000070d400000, 0x000000070d400000, 0x000000070d600000|  0%| F|  |TAMS 0x000000070d400000, 0x000000070d400000| Untracked 
| 101|0x000000070d600000, 0x000000070d600000, 0x000000070d800000|  0%| F|  |TAMS 0x000000070d600000, 0x000000070d600000| Untracked 
| 102|0x000000070d800000, 0x000000070d800000, 0x000000070da00000|  0%| F|  |TAMS 0x000000070d800000, 0x000000070d800000| Untracked 
| 103|0x000000070da00000, 0x000000070da00000, 0x000000070dc00000|  0%| F|  |TAMS 0x000000070da00000, 0x000000070da00000| Untracked 
| 104|0x000000070dc00000, 0x000000070dc00000, 0x000000070de00000|  0%| F|  |TAMS 0x000000070dc00000, 0x000000070dc00000| Untracked 
| 105|0x000000070de00000, 0x000000070de00000, 0x000000070e000000|  0%| F|  |TAMS 0x000000070de00000, 0x000000070de00000| Untracked 
| 106|0x000000070e000000, 0x000000070e000000, 0x000000070e200000|  0%| F|  |TAMS 0x000000070e000000, 0x000000070e000000| Untracked 
| 107|0x000000070e200000, 0x000000070e200000, 0x000000070e400000|  0%| F|  |TAMS 0x000000070e200000, 0x000000070e200000| Untracked 
| 108|0x000000070e400000, 0x000000070e400000, 0x000000070e600000|  0%| F|  |TAMS 0x000000070e400000, 0x000000070e400000| Untracked 
| 109|0x000000070e600000, 0x000000070e600000, 0x000000070e800000|  0%| F|  |TAMS 0x000000070e600000, 0x000000070e600000| Untracked 
| 110|0x000000070e800000, 0x000000070e800000, 0x000000070ea00000|  0%| F|  |TAMS 0x000000070e800000, 0x000000070e800000| Untracked 
| 111|0x000000070ea00000, 0x000000070ea00000, 0x000000070ec00000|  0%| F|  |TAMS 0x000000070ea00000, 0x000000070ea00000| Untracked 
| 112|0x000000070ec00000, 0x000000070ec00000, 0x000000070ee00000|  0%| F|  |TAMS 0x000000070ec00000, 0x000000070ec00000| Untracked 
| 113|0x000000070ee00000, 0x000000070ee00000, 0x000000070f000000|  0%| F|  |TAMS 0x000000070ee00000, 0x000000070ee00000| Untracked 
| 114|0x000000070f000000, 0x000000070f000000, 0x000000070f200000|  0%| F|  |TAMS 0x000000070f000000, 0x000000070f000000| Untracked 
| 115|0x000000070f200000, 0x000000070f2ad510, 0x000000070f400000| 33%| S|CS|TAMS 0x000000070f200000, 0x000000070f200000| Complete 
| 116|0x000000070f400000, 0x000000070f600000, 0x000000070f600000|100%| S|CS|TAMS 0x000000070f400000, 0x000000070f400000| Complete 
| 117|0x000000070f600000, 0x000000070f600000, 0x000000070f800000|  0%| F|  |TAMS 0x000000070f600000, 0x000000070f600000| Untracked 
| 118|0x000000070f800000, 0x000000070f800000, 0x000000070fa00000|  0%| F|  |TAMS 0x000000070f800000, 0x000000070f800000| Untracked 
| 119|0x000000070fa00000, 0x000000070fa00000, 0x000000070fc00000|  0%| F|  |TAMS 0x000000070fa00000, 0x000000070fa00000| Untracked 
| 120|0x000000070fc00000, 0x000000070fc00000, 0x000000070fe00000|  0%| F|  |TAMS 0x000000070fc00000, 0x000000070fc00000| Untracked 
| 121|0x000000070fe00000, 0x000000070fe00000, 0x0000000710000000|  0%| F|  |TAMS 0x000000070fe00000, 0x000000070fe00000| Untracked 
| 122|0x0000000710000000, 0x00000007100f6b28, 0x0000000710200000| 48%| E|  |TAMS 0x0000000710000000, 0x0000000710000000| Complete 
| 123|0x0000000710200000, 0x0000000710400000, 0x0000000710400000|100%| E|CS|TAMS 0x0000000710200000, 0x0000000710200000| Complete 
| 124|0x0000000710400000, 0x0000000710600000, 0x0000000710600000|100%| E|CS|TAMS 0x0000000710400000, 0x0000000710400000| Complete 
| 125|0x0000000710600000, 0x0000000710800000, 0x0000000710800000|100%| E|CS|TAMS 0x0000000710600000, 0x0000000710600000| Complete 
| 126|0x0000000710800000, 0x0000000710a00000, 0x0000000710a00000|100%| E|CS|TAMS 0x0000000710800000, 0x0000000710800000| Complete 
| 127|0x0000000710a00000, 0x0000000710c00000, 0x0000000710c00000|100%| E|CS|TAMS 0x0000000710a00000, 0x0000000710a00000| Complete 

Card table byte_map: [0x000002919e660000,0x000002919ee60000] _byte_map_base: 0x000002919ae5a000

Marking Bits (Prev, Next): (CMBitMap*) 0x0000029187152a40, (CMBitMap*) 0x0000029187152a80
 Prev Bits: [0x000002919f660000, 0x00000291a3630000)
 Next Bits: [0x00000291a3630000, 0x00000291a7600000)

Polling page: 0x0000029184fb0000

Metaspace:

Usage:
  Non-class:      7.32 MB used.
      Class:    773.08 KB used.
       Both:      8.07 MB used.

Virtual space:
  Non-class space:       16.00 MB reserved,       7.44 MB ( 46%) committed,  2 nodes.
      Class space:        1.00 GB reserved,     896.00 KB ( <1%) committed,  1 nodes.
             Both:        1.02 GB reserved,       8.31 MB ( <1%) committed. 

Chunk freelists:
   Non-Class:  3.35 MB
       Class:  3.18 MB
        Both:  6.54 MB

MaxMetaspaceSize: unlimited
CompressedClassSpaceSize: 1.00 GB
Initial GC threshold: 21.00 MB
Current GC threshold: 21.00 MB
CDS: on
MetaspaceReclaimPolicy: balanced
 - commit_granule_bytes: 65536.
 - commit_granule_words: 8192.
 - virtual_space_node_default_size: 1048576.
 - enlarge_chunks_in_place: 1.
 - new_chunks_are_fully_committed: 0.
 - uncommit_free_chunks: 1.
 - use_allocation_guard: 0.
 - handle_deallocations: 1.


Internal statistics:

num_allocs_failed_limit: 0.
num_arena_births: 186.
num_arena_deaths: 0.
num_vsnodes_births: 3.
num_vsnodes_deaths: 0.
num_space_committed: 133.
num_space_uncommitted: 0.
num_chunks_returned_to_freelist: 0.
num_chunks_taken_from_freelist: 380.
num_chunk_merges: 0.
num_chunk_splits: 297.
num_chunks_enlarged: 236.
num_purges: 0.
num_inconsistent_stats: 0.

CodeHeap 'non-profiled nmethods': size=120000Kb used=474Kb max_used=474Kb free=119525Kb
 bounds [0x00000291963d0000, 0x0000029196640000, 0x000002919d900000]
CodeHeap 'profiled nmethods': size=120000Kb used=2167Kb max_used=2167Kb free=117832Kb
 bounds [0x000002918eea0000, 0x000002918f110000, 0x00000291963d0000]
CodeHeap 'non-nmethods': size=5760Kb used=1701Kb max_used=1730Kb free=4058Kb
 bounds [0x000002918e900000, 0x000002918eb70000, 0x000002918eea0000]
 total_blobs=2217 nmethods=1143 adapters=987
 compilation: enabled
              stopped_count=0, restarted_count=0
 full_count=0

Compilation events (20 events):
Event: 0.711 Thread 0x00000291aac101a0 nmethod 1140 0x000002918f0b9a90 code [0x000002918f0b9c60, 0x000002918f0b9fc8]
Event: 0.711 Thread 0x00000291aac101a0 1139       3       jdk.internal.org.objectweb.asm.AnnotationWriter::create (34 bytes)
Event: 0.712 Thread 0x00000291aac101a0 nmethod 1139 0x000002918f0ba190 code [0x000002918f0ba380, 0x000002918f0ba818]
Event: 0.712 Thread 0x00000291aac101a0 1141       3       java.util.Arrays::copyOf (10 bytes)
Event: 0.712 Thread 0x00000291aac101a0 nmethod 1141 0x000002918f0baa10 code [0x000002918f0babc0, 0x000002918f0bad28]
Event: 0.712 Thread 0x00000291aac101a0 1147       3       java.lang.invoke.InvokerBytecodeGenerator::emitPushArguments (45 bytes)
Event: 0.713 Thread 0x00000291aac101a0 nmethod 1147 0x000002918f0bae10 code [0x000002918f0bb000, 0x000002918f0bb4b8]
Event: 0.713 Thread 0x00000291aac101a0 1143       3       java.lang.invoke.MethodHandle::intrinsicName (4 bytes)
Event: 0.713 Thread 0x00000291aac101a0 nmethod 1143 0x000002918f0bb790 code [0x000002918f0bb920, 0x000002918f0bba38]
Event: 0.713 Thread 0x00000291aac101a0 1144       3       java.lang.invoke.InvokerBytecodeGenerator::emitStoreResult (27 bytes)
Event: 0.713 Thread 0x00000291aac101a0 nmethod 1144 0x000002918f0bbb10 code [0x000002918f0bbcc0, 0x000002918f0bbec8]
Event: 0.713 Thread 0x00000291aac101a0 1145       3       java.lang.invoke.LambdaForm$NamedFunction::intrinsicName (21 bytes)
Event: 0.713 Thread 0x00000291aac101a0 nmethod 1145 0x000002918f0bbf90 code [0x000002918f0bc140, 0x000002918f0bc3a8]
Event: 0.713 Thread 0x00000291aac101a0 1146       3       java.lang.invoke.InvokerBytecodeGenerator::emitReferenceCast (188 bytes)
Event: 0.714 Thread 0x00000291aac101a0 nmethod 1146 0x000002918f0bc490 code [0x000002918f0bc740, 0x000002918f0bd428]
Event: 0.714 Thread 0x00000291aac072f0 nmethod 1137 0x0000029196437890 code [0x0000029196437a20, 0x0000029196437d78]
Event: 0.714 Thread 0x00000291aac072f0 1142       4       jdk.internal.org.objectweb.asm.ByteVector::putByte (39 bytes)
Event: 0.715 Thread 0x00000291aac072f0 nmethod 1142 0x0000029196437f90 code [0x0000029196438120, 0x0000029196438288]
Event: 0.723 Thread 0x00000291b8748d30 nmethod 1097 0x0000029196438390 code [0x00000291964385a0, 0x0000029196439fd0]
Event: 0.797 Thread 0x00000291aaeae1e0 nmethod 991 0x000002919643a890 code [0x000002919643af60, 0x0000029196442f98]

GC Heap History (2 events):
Event: 0.459 GC heap before
{Heap before GC invocations=0 (full 0):
 garbage-first heap   total 262144K, used 22528K [0x0000000700c00000, 0x0000000800000000)
  region size 2048K, 11 young (22528K), 0 survivors (0K)
 Metaspace       used 5695K, committed 5888K, reserved 1056768K
  class space    used 469K, committed 576K, reserved 1048576K
}
Event: 0.462 GC heap after
{Heap after GC invocations=1 (full 0):
 garbage-first heap   total 262144K, used 2741K [0x0000000700c00000, 0x0000000800000000)
  region size 2048K, 2 young (4096K), 2 survivors (4096K)
 Metaspace       used 5695K, committed 5888K, reserved 1056768K
  class space    used 469K, committed 576K, reserved 1048576K
}

Deoptimization events (20 events):
Event: 0.558 Thread 0x00000291871006c0 DEOPT PACKING pc=0x000002918f07d67b sp=0x000000f3655fe960
Event: 0.558 Thread 0x00000291871006c0 DEOPT UNPACKING pc=0x000002918e952b43 sp=0x000000f3655fdea0 mode 0
Event: 0.558 Thread 0x00000291871006c0 DEOPT PACKING pc=0x000002918f07d67b sp=0x000000f3655fe960
Event: 0.558 Thread 0x00000291871006c0 DEOPT UNPACKING pc=0x000002918e952b43 sp=0x000000f3655fdea0 mode 0
Event: 0.559 Thread 0x00000291871006c0 DEOPT PACKING pc=0x000002918f07d67b sp=0x000000f3655fe960
Event: 0.559 Thread 0x00000291871006c0 DEOPT UNPACKING pc=0x000002918e952b43 sp=0x000000f3655fdea0 mode 0
Event: 0.559 Thread 0x00000291871006c0 DEOPT PACKING pc=0x000002918f07d67b sp=0x000000f3655fe960
Event: 0.559 Thread 0x00000291871006c0 DEOPT UNPACKING pc=0x000002918e952b43 sp=0x000000f3655fdea0 mode 0
Event: 0.559 Thread 0x00000291871006c0 DEOPT PACKING pc=0x000002918f07d67b sp=0x000000f3655fe960
Event: 0.559 Thread 0x00000291871006c0 DEOPT UNPACKING pc=0x000002918e952b43 sp=0x000000f3655fdea0 mode 0
Event: 0.559 Thread 0x00000291871006c0 DEOPT PACKING pc=0x000002918f07d67b sp=0x000000f3655fe960
Event: 0.559 Thread 0x00000291871006c0 DEOPT UNPACKING pc=0x000002918e952b43 sp=0x000000f3655fdea0 mode 0
Event: 0.560 Thread 0x00000291871006c0 DEOPT PACKING pc=0x000002918f07d67b sp=0x000000f3655fe960
Event: 0.560 Thread 0x00000291871006c0 DEOPT UNPACKING pc=0x000002918e952b43 sp=0x000000f3655fdea0 mode 0
Event: 0.560 Thread 0x00000291871006c0 DEOPT PACKING pc=0x000002918f07d67b sp=0x000000f3655fe960
Event: 0.560 Thread 0x00000291871006c0 DEOPT UNPACKING pc=0x000002918e952b43 sp=0x000000f3655fdea0 mode 0
Event: 0.561 Thread 0x00000291871006c0 DEOPT PACKING pc=0x000002918f07d67b sp=0x000000f3655fe960
Event: 0.561 Thread 0x00000291871006c0 DEOPT UNPACKING pc=0x000002918e952b43 sp=0x000000f3655fdea0 mode 0
Event: 0.561 Thread 0x00000291871006c0 DEOPT PACKING pc=0x000002918f07d67b sp=0x000000f3655fe960
Event: 0.561 Thread 0x00000291871006c0 DEOPT UNPACKING pc=0x000002918e952b43 sp=0x000000f3655fdea0 mode 0

Classes unloaded (0 events):
No events

Classes redefined (0 events):
No events

Internal exceptions (20 events):
Event: 0.219 Thread 0x00000291871006c0 Exception <a 'java/lang/NoSuchMethodError'{0x00000007102e4958}: 'java.lang.Object java.lang.invoke.DirectMethodHandle$Holder.newInvokeSpecial(java.lang.Object, long)'> (0x00000007102e4958) 
thrown [t:\workspace\open\src\hotspot\share\interpreter\linkResolver.cpp, line 766]
Event: 0.507 Thread 0x00000291871006c0 Exception <a 'java/lang/NoSuchMethodError'{0x0000000710726cd0}: 'java.lang.Object java.lang.invoke.DirectMethodHandle$Holder.newInvokeSpecial(java.lang.Object, java.lang.Object, java.lang.Object, java.lang.Object, java.lang.Object)'> (0x0000000710726cd0) 
thrown [t:\workspace\open\src\hotspot\share\interpreter\linkResolver.cpp, line 766]
Event: 0.570 Thread 0x00000291871006c0 Exception <a 'java/lang/NoSuchMethodError'{0x000000071024c660}: 'java.lang.Object java.lang.invoke.DirectMethodHandle$Holder.newInvokeSpecial(java.lang.Object, java.lang.Object, java.lang.Object, java.lang.Object, int)'> (0x000000071024c660) 
thrown [t:\workspace\open\src\hotspot\share\interpreter\linkResolver.cpp, line 766]
Event: 0.570 Thread 0x00000291871006c0 Exception <a 'java/lang/NoSuchMethodError'{0x00000007102508e0}: 'java.lang.Object java.lang.invoke.DirectMethodHandle$Holder.invokeSpecial(java.lang.Object, java.lang.Object, java.lang.Object, java.lang.Object, java.lang.Object, int)'> (0x00000007102508e0) 
thrown [t:\workspace\open\src\hotspot\share\interpreter\linkResolver.cpp, line 766]
Event: 0.570 Thread 0x00000291871006c0 Exception <a 'java/lang/NoSuchMethodError'{0x0000000710254320}: 'java.lang.Object java.lang.invoke.Invokers$Holder.linkToTargetMethod(java.lang.Object, java.lang.Object, java.lang.Object, int, java.lang.Object)'> (0x0000000710254320) 
thrown [t:\workspace\open\src\hotspot\share\interpreter\linkResolver.cpp, line 766]
Event: 0.693 Thread 0x00000291b8cdb0b0 Exception <a 'java/lang/NoSuchMethodError'{0x000000071030ba48}: 'java.lang.Object java.lang.invoke.DirectMethodHandle$Holder.invokeStaticInit(java.lang.Object, java.lang.Object, java.lang.Object, java.lang.Object, java.lang.Object, java.lang.Object, java.lang.Object)'> (0x000000071030ba48) 
thrown [t:\workspace\open\src\hotspot\share\interpreter\linkResolver.cpp, line 766]
Event: 0.699 Thread 0x00000291b8cdb0b0 Exception <a 'java/lang/NoSuchMethodError'{0x00000007103a48d8}: 'java.lang.Object java.lang.invoke.DirectMethodHandle$Holder.invokeSpecial(java.lang.Object, java.lang.Object, java.lang.Object, java.lang.Object, java.lang.Object, java.lang.Object, java.lang.Object, java.lang.Object, java.lang.Object, java.lang.Object, java.lang.Object, java.lang.Object)'> (0x00000007103a48d8) 
thrown [t:\workspace\open\src\hotspot\share\interpreter\linkResolver.cpp, line 766]
Event: 0.699 Thread 0x00000291b8cdb0b0 Exception <a 'java/lang/NoSuchMethodError'{0x00000007103a8fe0}: 'java.lang.Object java.lang.invoke.Invokers$Holder.invoker(java.lang.Object, java.lang.Object, java.lang.Object, java.lang.Object, java.lang.Object, java.lang.Object, java.lang.Object, java.lang.Object, java.lang.Object, java.lang.Object, java.lang.Object, java.lang.Object)'> (0x00000007103a8fe0) 
thrown [t:\workspace\open\src\hotspot\share\interpreter\linkResolver.cpp, line 766]
Event: 0.699 Thread 0x00000291b8cdb0b0 Exception <a 'java/lang/NoSuchMethodError'{0x00000007103af1f8}: 'java.lang.Object java.lang.invoke.DirectMethodHandle$Holder.invokeSpecial(java.lang.Object, java.lang.Object, java.lang.Object, java.lang.Object, java.lang.Object, java.lang.Object, java.lang.Object, java.lang.Object, java.lang.Object, java.lang.Object, java.lang.Object, java.lang.Object, java.lang.Object)'> (0x00000007103af1f8) 
thrown [t:\workspace\open\src\hotspot\share\interpreter\linkResolver.cpp, line 766]
Event: 0.701 Thread 0x00000291b8cdb0b0 Exception <a 'java/lang/NoSuchMethodError'{0x00000007103c01f8}: 'int java.lang.invoke.DirectMethodHandle$Holder.invokeVirtual(java.lang.Object, java.lang.Object, java.lang.Object)'> (0x00000007103c01f8) 
thrown [t:\workspace\open\src\hotspot\share\interpreter\linkResolver.cpp, line 766]
Event: 0.701 Thread 0x00000291b8cdb0b0 Exception <a 'java/lang/NoSuchMethodError'{0x00000007103c3ae0}: 'int java.lang.invoke.DirectMethodHandle$Holder.invokeVirtual(java.lang.Object, java.lang.Object)'> (0x00000007103c3ae0) 
thrown [t:\workspace\open\src\hotspot\share\interpreter\linkResolver.cpp, line 766]
Event: 0.702 Thread 0x00000291b8cdb0b0 Exception <a 'java/lang/NoSuchMethodError'{0x00000007103c7ec8}: 'int java.lang.invoke.DirectMethodHandle$Holder.invokeStaticInit(java.lang.Object, java.lang.Object, java.lang.Object)'> (0x00000007103c7ec8) 
thrown [t:\workspace\open\src\hotspot\share\interpreter\linkResolver.cpp, line 766]
Event: 0.702 Thread 0x00000291b8cdb0b0 Exception <a 'java/lang/NoSuchMethodError'{0x00000007103cb800}: 'int java.lang.invoke.DirectMethodHandle$Holder.invokeStaticInit(java.lang.Object, int, int)'> (0x00000007103cb800) 
thrown [t:\workspace\open\src\hotspot\share\interpreter\linkResolver.cpp, line 766]
Event: 0.702 Thread 0x00000291b8cdb0b0 Exception <a 'java/lang/NoSuchMethodError'{0x00000007103d2ff0}: 'int java.lang.invoke.DirectMethodHandle$Holder.invokeStaticInit(java.lang.Object, long, long)'> (0x00000007103d2ff0) 
thrown [t:\workspace\open\src\hotspot\share\interpreter\linkResolver.cpp, line 766]
Event: 0.703 Thread 0x00000291b8cdb0b0 Exception <a 'java/lang/NoSuchMethodError'{0x00000007103da0b0}: 'int java.lang.invoke.DirectMethodHandle$Holder.invokeStaticInit(java.lang.Object, float, float)'> (0x00000007103da0b0) 
thrown [t:\workspace\open\src\hotspot\share\interpreter\linkResolver.cpp, line 766]
Event: 0.704 Thread 0x00000291b8cdb0b0 Exception <a 'java/lang/NoSuchMethodError'{0x00000007103e0f08}: 'int java.lang.invoke.DirectMethodHandle$Holder.invokeStaticInit(java.lang.Object, double, double)'> (0x00000007103e0f08) 
thrown [t:\workspace\open\src\hotspot\share\interpreter\linkResolver.cpp, line 766]
Event: 0.704 Thread 0x00000291b8cdb0b0 Exception <a 'java/lang/NoSuchMethodError'{0x00000007103e52e8}: 'int java.lang.invoke.DirectMethodHandle$Holder.invokeStatic(java.lang.Object, long)'> (0x00000007103e52e8) 
thrown [t:\workspace\open\src\hotspot\share\interpreter\linkResolver.cpp, line 766]
Event: 0.709 Thread 0x00000291b8cdb0b0 Exception <a 'java/lang/NoSuchMethodError'{0x00000007100286c8}: 'java.lang.Object java.lang.invoke.DirectMethodHandle$Holder.invokeSpecial(java.lang.Object, java.lang.Object, java.lang.Object, java.lang.Object, java.lang.Object, java.lang.Object, java.lang.Object, java.lang.Object, java.lang.Object)'> (0x00000007100286c8) 
thrown [t:\workspace\open\src\hotspot\share\interpreter\linkResolver.cpp, line 766]
Event: 0.709 Thread 0x00000291b8cdb0b0 Exception <a 'java/lang/NoSuchMethodError'{0x000000071002d368}: 'java.lang.Object java.lang.invoke.Invokers$Holder.invoke_MT(java.lang.Object, java.lang.Object, java.lang.Object, java.lang.Object, java.lang.Object, java.lang.Object, java.lang.Object, java.lang.Object, java.lang.Object)'> (0x000000071002d368) 
thrown [t:\workspace\open\src\hotspot\share\interpreter\linkResolver.cpp, line 766]
Event: 3.023 Thread 0x00000291871006c0 Exception <a 'java/lang/NullPointerException'{0x000000071025a990}> (0x000000071025a990) 
thrown [t:\workspace\open\src\hotspot\share\interpreter\linkResolver.cpp, line 1357]

VM Operations (20 events):
Event: 57.540 Executing VM operation: get/set locals done
Event: 57.540 Executing VM operation: get/set locals
Event: 57.540 Executing VM operation: get/set locals done
Event: 57.540 Executing VM operation: get/set locals
Event: 57.540 Executing VM operation: get/set locals done
Event: 57.540 Executing VM operation: get/set locals
Event: 57.540 Executing VM operation: get/set locals done
Event: 57.540 Executing VM operation: get/set locals
Event: 57.540 Executing VM operation: get/set locals done
Event: 57.541 Executing VM operation: get/set locals
Event: 57.541 Executing VM operation: get/set locals done
Event: 57.541 Executing VM operation: get/set locals
Event: 57.541 Executing VM operation: get/set locals done
Event: 91.236 Executing VM operation: ChangeBreakpoints
Event: 91.236 Executing VM operation: ChangeBreakpoints done
Event: 91.236 Executing VM operation: ChangeBreakpoints
Event: 91.236 Executing VM operation: ChangeBreakpoints done
Event: 91.236 Executing VM operation: ChangeBreakpoints
Event: 91.236 Executing VM operation: ChangeBreakpoints done
Event: 91.236 Executing VM operation: ChangeBreakpoints

Events (20 events):
Event: 0.701 loading class java/lang/runtime/ObjectMethods$1 done
Event: 0.705 loading class java/lang/invoke/DirectMethodHandle$1
Event: 0.705 loading class java/lang/invoke/DirectMethodHandle$1 done
Event: 0.709 loading class com/infine/demo/bcminer/cl/clsupport/CLPlatform
Event: 0.709 loading class com/infine/demo/bcminer/cl/clsupport/CLPlatform done
Event: 0.712 loading class com/infine/demo/bcminer/cl/clsupport/CLContext
Event: 0.712 loading class com/infine/demo/bcminer/cl/clsupport/CLContext done
Event: 5.715 Thread 0x00000291b8748d30 Thread exited: 0x00000291b8748d30
Event: 5.715 Thread 0x00000291aaeae1e0 Thread exited: 0x00000291aaeae1e0
Event: 57.535 loading class com/infine/demo/bcminer/java/Sha256
Event: 57.535 loading class com/infine/demo/bcminer/java/Sha256 done
Event: 57.535 loading class java/lang/Throwable$WrappedPrintStream
Event: 57.535 loading class java/lang/Throwable$PrintStreamOrWriter
Event: 57.535 loading class java/lang/Throwable$PrintStreamOrWriter done
Event: 57.535 loading class java/lang/Throwable$WrappedPrintStream done
Event: 57.535 Thread 0x00000291871006c0 Thread exited: 0x00000291871006c0
Event: 57.535 Thread 0x00000291871006c0 Thread added: 0x00000291871006c0
Event: 57.536 loading class com/infine/demo/bcminer/HashPredicate
Event: 57.536 loading class com/infine/demo/bcminer/HashPredicate done
Event: 91.236 Thread 0x00000291aade34e0 Thread exited: 0x00000291aade34e0


Dynamic libraries:
0x00007ff6154f0000 - 0x00007ff6154fe000 	C:\dev-tools\jdk-17.0.1\bin\java.exe
0x00007ffbd80f0000 - 0x00007ffbd82e8000 	C:\Windows\SYSTEM32\ntdll.dll
0x00007ffbd7280000 - 0x00007ffbd733f000 	C:\Windows\System32\KERNEL32.DLL
0x00007ffbd5830000 - 0x00007ffbd5b0a000 	C:\Windows\System32\KERNELBASE.dll
0x00007ffbd5db0000 - 0x00007ffbd5eb0000 	C:\Windows\System32\ucrtbase.dll
0x00007ffbad680000 - 0x00007ffbad698000 	C:\dev-tools\jdk-17.0.1\bin\jli.dll
0x00007ffbad810000 - 0x00007ffbad82a000 	C:\dev-tools\jdk-17.0.1\bin\VCRUNTIME140.dll
0x00007ffbd6c30000 - 0x00007ffbd6dcd000 	C:\Windows\System32\USER32.dll
0x00007ffbc9820000 - 0x00007ffbc9aba000 	C:\Windows\WinSxS\amd64_microsoft.windows.common-controls_6595b64144ccf1df_6.0.19041.1110_none_60b5254171f9507e\COMCTL32.dll
0x00007ffbd5800000 - 0x00007ffbd5822000 	C:\Windows\System32\win32u.dll
0x00007ffbd6dd0000 - 0x00007ffbd6e6e000 	C:\Windows\System32\msvcrt.dll
0x00007ffbd7df0000 - 0x00007ffbd7e1b000 	C:\Windows\System32\GDI32.dll
0x00007ffbd5ca0000 - 0x00007ffbd5db0000 	C:\Windows\System32\gdi32full.dll
0x00007ffbd60b0000 - 0x00007ffbd614d000 	C:\Windows\System32\msvcp_win.dll
0x00007ffbd70c0000 - 0x00007ffbd70f0000 	C:\Windows\System32\IMM32.DLL
0x00007ffbd2e00000 - 0x00007ffbd2e0c000 	C:\dev-tools\jdk-17.0.1\bin\vcruntime140_1.dll
0x00007ffbad930000 - 0x00007ffbad9bd000 	C:\dev-tools\jdk-17.0.1\bin\msvcp140.dll
0x00007ffb8f170000 - 0x00007ffb8fd2e000 	C:\dev-tools\jdk-17.0.1\bin\server\jvm.dll
0x00007ffbd7440000 - 0x00007ffbd74ee000 	C:\Windows\System32\ADVAPI32.dll
0x00007ffbd7eb0000 - 0x00007ffbd7f4c000 	C:\Windows\System32\sechost.dll
0x00007ffbd6200000 - 0x00007ffbd6326000 	C:\Windows\System32\RPCRT4.dll
0x00007ffbd7ea0000 - 0x00007ffbd7ea8000 	C:\Windows\System32\PSAPI.DLL
0x00007ffbd2e80000 - 0x00007ffbd2e89000 	C:\Windows\SYSTEM32\WSOCK32.dll
0x00007ffbcf580000 - 0x00007ffbcf58a000 	C:\Windows\SYSTEM32\VERSION.dll
0x00007ffbcb230000 - 0x00007ffbcb257000 	C:\Windows\SYSTEM32\WINMM.dll
0x00007ffbd7860000 - 0x00007ffbd78cb000 	C:\Windows\System32\WS2_32.dll
0x00007ffbd36a0000 - 0x00007ffbd36b2000 	C:\Windows\SYSTEM32\kernel.appcore.dll
0x00007ffbd2df0000 - 0x00007ffbd2dfa000 	C:\dev-tools\jdk-17.0.1\bin\jimage.dll
0x00007ffbc9c70000 - 0x00007ffbc9e54000 	C:\Windows\SYSTEM32\DBGHELP.DLL
0x00007ffbbfbb0000 - 0x00007ffbbfbe4000 	C:\Windows\SYSTEM32\dbgcore.DLL
0x00007ffbd6020000 - 0x00007ffbd60a2000 	C:\Windows\System32\bcryptPrimitives.dll
0x00007ffbc8610000 - 0x00007ffbc864b000 	C:\dev-tools\jdk-17.0.1\bin\jdwp.dll
0x00007ffbd1250000 - 0x00007ffbd125e000 	C:\dev-tools\jdk-17.0.1\bin\instrument.dll
0x00007ffbad900000 - 0x00007ffbad925000 	C:\dev-tools\jdk-17.0.1\bin\java.dll
0x00007ffbad6f0000 - 0x00007ffbad708000 	C:\dev-tools\jdk-17.0.1\bin\zip.dll
0x00007ffbad710000 - 0x00007ffbad7e6000 	C:\dev-tools\jdk-17.0.1\bin\svml.dll
0x00007ffbd64e0000 - 0x00007ffbd6c24000 	C:\Windows\System32\SHELL32.dll
0x00007ffbd38a0000 - 0x00007ffbd4033000 	C:\Windows\SYSTEM32\windows.storage.dll
0x00007ffbd7500000 - 0x00007ffbd7854000 	C:\Windows\System32\combase.dll
0x00007ffbd50a0000 - 0x00007ffbd50ce000 	C:\Windows\SYSTEM32\Wldp.dll
0x00007ffbd6150000 - 0x00007ffbd61fd000 	C:\Windows\System32\SHCORE.dll
0x00007ffbd7340000 - 0x00007ffbd7395000 	C:\Windows\System32\shlwapi.dll
0x00007ffbd5740000 - 0x00007ffbd575f000 	C:\Windows\SYSTEM32\profapi.dll
0x00007ffbd1240000 - 0x00007ffbd124c000 	C:\dev-tools\jdk-17.0.1\bin\dt_socket.dll
0x00007ffbd4b90000 - 0x00007ffbd4bcc000 	C:\Windows\SYSTEM32\IPHLPAPI.DLL
0x00007ffbd4e80000 - 0x00007ffbd4eea000 	C:\Windows\system32\mswsock.dll
0x00007ffbb1390000 - 0x00007ffbb13a9000 	C:\dev-tools\jdk-17.0.1\bin\net.dll
0x00007ffbd06a0000 - 0x00007ffbd07aa000 	C:\Windows\SYSTEM32\WINHTTP.dll
0x00007ffbad8e0000 - 0x00007ffbad8f5000 	C:\dev-tools\jdk-17.0.1\bin\nio.dll
0x00007ffbbc140000 - 0x00007ffbbc1ba000 	C:\Users\yah\AppData\Local\Temp\lwjgl_yah\3.3.2+13\x64\lwjgl.dll
0x00007ffbb1890000 - 0x00007ffbb19fc000 	C:\Windows\SYSTEM32\OpenCL.dll
0x00007ffbd5eb0000 - 0x00007ffbd5efe000 	C:\Windows\System32\CFGMGR32.dll
0x00007ffbd6e70000 - 0x00007ffbd6f9a000 	C:\Windows\System32\ole32.dll
0x00007ffbd78d0000 - 0x00007ffbd7979000 	C:\Windows\System32\clbcatq.dll
0x00007ffb87750000 - 0x00007ffb88194000 	C:\Windows\System32\DriverStore\FileRepository\nv_dispig.inf_amd64_abf7e4e84f20581c\nvopencl64.dll
0x00007ffbd53f0000 - 0x00007ffbd5402000 	C:\Windows\SYSTEM32\msasn1.dll
0x00007ffbcf350000 - 0x00007ffbcf381000 	C:\Windows\SYSTEM32\cryptnet.dll
0x00007ffbd5b40000 - 0x00007ffbd5c96000 	C:\Windows\System32\CRYPT32.dll
0x00007ffbcef40000 - 0x00007ffbcf088000 	C:\Windows\SYSTEM32\drvstore.dll
0x00007ffbd55b0000 - 0x00007ffbd55dc000 	C:\Windows\SYSTEM32\devobj.dll
0x00007ffbd5010000 - 0x00007ffbd501c000 	C:\Windows\SYSTEM32\cryptbase.dll
0x00007ffbcba90000 - 0x00007ffbcc242000 	C:\Windows\SYSTEM32\nvapi64.dll
0x00007ffbd7980000 - 0x00007ffbd7de8000 	C:\Windows\System32\SETUPAPI.dll
0x00007ffbd5b10000 - 0x00007ffbd5b37000 	C:\Windows\System32\bcrypt.dll
0x00007ffb73da0000 - 0x00007ffb77e98000 	C:\Windows\system32\DriverStore\FileRepository\nv_dispig.inf_amd64_abf7e4e84f20581c\nvvm64.dll
0x00007ffbd5150000 - 0x00007ffbd5168000 	C:\Windows\SYSTEM32\CRYPTSP.dll
0x00007ffbd47c0000 - 0x00007ffbd47f4000 	C:\Windows\system32\rsaenh.dll

dbghelp: loaded successfully - version: 4.0.5 - missing functions: none
symbol engine: initialized successfully - sym options: 0x614 - pdb path: .;C:\dev-tools\jdk-17.0.1\bin;C:\Windows\SYSTEM32;C:\Windows\WinSxS\amd64_microsoft.windows.common-controls_6595b64144ccf1df_6.0.19041.1110_none_60b5254171f9507e;C:\dev-tools\jdk-17.0.1\bin\server;C:\Users\yah\AppData\Local\Temp\lwjgl_yah\3.3.2+13\x64;C:\Windows\System32\DriverStore\FileRepository\nv_dispig.inf_amd64_abf7e4e84f20581c

VM Arguments:
jvm_args: -agentlib:jdwp=transport=dt_socket,address=127.0.0.1:50448,suspend=y,server=n -Dvisualvm.id=10335903541900 -javaagent:C:\Users\yah\AppData\Local\JetBrains\IdeaIC2023.1\captureAgent\debugger-agent.jar -Dfile.encoding=UTF-8 
java_command: com.infine.demo.bcminer.cl.CLMiner
java_class_path (initial): C:\dev\Infine\bcminer\jbcminer\target\classes;C:\dev-tools\m2repo\com\google\code\findbugs\jsr305\3.0.2\jsr305-3.0.2.jar;C:\dev-tools\m2repo\com\fasterxml\jackson\core\jackson-databind\2.13.4.1\jackson-databind-2.13.4.1.jar;C:\dev-tools\m2repo\com\fasterxml\jackson\core\jackson-annotations\2.13.4\jackson-annotations-2.13.4.jar;C:\dev-tools\m2repo\com\fasterxml\jackson\core\jackson-core\2.13.4\jackson-core-2.13.4.jar;C:\dev-tools\m2repo\org\lwjgl\lwjgl\3.3.2\lwjgl-3.3.2.jar;C:\dev-tools\m2repo\org\lwjgl\lwjgl\3.3.2\lwjgl-3.3.2-natives-windows.jar;C:\dev-tools\m2repo\org\lwjgl\lwjgl-opencl\3.3.2\lwjgl-opencl-3.3.2.jar;C:\dev-tools\m2repo\org\lwjgl\lwjgl-cuda\3.3.2\lwjgl-cuda-3.3.2.jar;C:\Program Files\JetBrains\IntelliJ IDEA Community Edition 2022.2.3\lib\idea_rt.jar
Launcher Type: SUN_STANDARD

[Global flags]
     intx CICompilerCount                          = 4                                         {product} {ergonomic}
     uint ConcGCThreads                            = 3                                         {product} {ergonomic}
     uint G1ConcRefinementThreads                  = 10                                        {product} {ergonomic}
   size_t G1HeapRegionSize                         = 2097152                                   {product} {ergonomic}
    uintx GCDrainStackTargetSize                   = 64                                        {product} {ergonomic}
   size_t InitialHeapSize                          = 268435456                                 {product} {ergonomic}
   size_t MarkStackSize                            = 4194304                                   {product} {ergonomic}
   size_t MaxHeapSize                              = 4282384384                                {product} {ergonomic}
   size_t MaxNewSize                               = 2569011200                                {product} {ergonomic}
   size_t MinHeapDeltaBytes                        = 2097152                                   {product} {ergonomic}
   size_t MinHeapSize                              = 8388608                                   {product} {ergonomic}
    uintx NonNMethodCodeHeapSize                   = 5839372                                {pd product} {ergonomic}
    uintx NonProfiledCodeHeapSize                  = 122909434                              {pd product} {ergonomic}
    uintx ProfiledCodeHeapSize                     = 122909434                              {pd product} {ergonomic}
    uintx ReservedCodeCacheSize                    = 251658240                              {pd product} {ergonomic}
     bool SegmentedCodeCache                       = true                                      {product} {ergonomic}
   size_t SoftMaxHeapSize                          = 4282384384                             {manageable} {ergonomic}
     bool UseCompressedClassPointers               = true                           {product lp64_product} {ergonomic}
     bool UseCompressedOops                        = true                           {product lp64_product} {ergonomic}
     bool UseG1GC                                  = true                                      {product} {ergonomic}
     bool UseLargePagesIndividualAllocation        = false                                  {pd product} {ergonomic}

Logging:
Log output configuration:
 #0: stdout all=warning uptime,level,tags
 #1: stderr all=off uptime,level,tags

Environment Variables:
JAVA_HOME=C:\dev-tools\jdk-17.0.1
PATH=C:\Program Files\NVIDIA GPU Computing Toolkit\CUDA\v11.7\bin;C:\Program Files\NVIDIA GPU Computing Toolkit\CUDA\v11.7\libnvvp;;;;;C:\Windows\system32;C:\Windows;C:\Windows\System32\Wbem;C:\Windows\System32\WindowsPowerShell\v1.0\;C:\Windows\System32\OpenSSH\;C:\Program Files (x86)\NVIDIA Corporation\PhysX\Common;C:\Program Files\nodejs\;C:\Program Files\Inkscape\bin;C:\Program Files\Git\cmd;C:\Program Files\Docker\Docker\resources\bin;C:\Program Files\dotnet\;C:\Users\yah\AppData\Local\Microsoft\WindowsApps;C:\Program Files\JetBrains\IntelliJ IDEA Community Edition 2022.2.3\bin;;C:\Program Files\JetBrains\WebStorm 2022.2.2\bin;;C:\Users\yah\AppData\Roaming\npm;C:\dev-tools\jdk-17.0.1\bin;C:\dev-tools\apache-maven-3.8.3\bin;C:\dev-tools\apache-ant-1.9.16\bin;C:\dev-tools\Microsoft VS Code\bin;C:\Users\yah\.dotnet\tools;
USERNAME=yah
OS=Windows_NT
PROCESSOR_IDENTIFIER=AMD64 Family 23 Model 113 Stepping 0, AuthenticAMD



---------------  S Y S T E M  ---------------

OS:
 Windows 10 , 64 bit Build 19041 (10.0.19041.2788)
OS uptime: 0 days 2:53 hours
Hyper-V role detected

CPU: total 12 (initial active 12) (12 cores per cpu, 2 threads per core) family 23 model 113 stepping 0 microcode 0x0, cx8, cmov, fxsr, ht, mmx, 3dnowpref, sse, sse2, sse3, ssse3, sse4a, sse4.1, sse4.2, popcnt, lzcnt, tsc, tscinvbit, avx, avx2, aes, clmul, bmi1, bmi2, adx, sha, fma, vzeroupper, clflush, clflushopt, hv

Memory: 4k page, system-wide physical 16332M (9687M free)
TotalPageFile size 18764M (AvailPageFile size 9640M)
current process WorkingSet (physical memory assigned to process): 89M, peak: 205M
current process commit charge ("private bytes"): 402M, peak: 612M

vm_info: OpenJDK 64-Bit Server VM (17.0.1+12-39) for windows-amd64 JRE (17.0.1+12-39), built on Sep 27 2021 18:39:29 by "mach5one" with MS VC++ 16.8 (VS2019)

END.
