#
# A fatal error has been detected by the Java Runtime Environment:
#
#  EXCEPTION_ACCESS_VIOLATION (0xc0000005) at pc=0x00007ffbbc05292c, pid=6784, tid=9676
#
# JRE version: OpenJDK Runtime Environment (17.0.1+12) (build 17.0.1+12-39)
# Java VM: OpenJDK 64-Bit Server VM (17.0.1+12-39, mixed mode, sharing, tiered, compressed oops, compressed class ptrs, g1 gc, windows-amd64)
# Problematic frame:
# C  [OpenCL.dll+0x292c]
#
# No core dump will be written. Minidumps are not enabled by default on client versions of Windows
#
# If you would like to submit a bug report, please visit:
#   https://bugreport.java.com/bugreport/crash.jsp
# The crash happened outside the Java Virtual Machine in native code.
# See problematic frame for where to report the bug.
#

---------------  S U M M A R Y ------------

Command Line: -Dvisualvm.id=10214009937400 -javaagent:C:\Program Files\JetBrains\IntelliJ IDEA Community Edition 2022.2.3\lib\idea_rt.jar=50438:C:\Program Files\JetBrains\IntelliJ IDEA Community Edition 2022.2.3\bin -Dfile.encoding=UTF-8 com.infine.demo.bcminer.cl.CLMiner

Host: AMD Ryzen 5 3600 6-Core Processor              , 12 cores, 15G,  Windows 10 , 64 bit Build 19041 (10.0.19041.2788)
Time: Sat Apr 29 13:20:27 2023 Paris, Madrid (heure duild 19041 (10.0.19041.2788) elapsed time: 1.556878 seconds (0d 0h 0m 1s)

---------------  T H R E A D  ---------------

Current thread (0x0000019324b74a40):  JavaThread "Thread-0" [_thread_in_native, id=9676, stack(0x000000591ad00000,0x000000591ae00000)]

Stack: [0x000000591ad00000,0x000000591ae00000],  sp=0x000000591adff188,  free space=1020k
Native frames: (J=compiled Java code, j=interpreted, Vv=VM code, C=native code)
C  [OpenCL.dll+0x292c]

Java frames: (J=compiled Java code, j=interpreted, Vv=VM code)
j  org.lwjgl.system.JNI.callPPPI(JIJJJ)I+0
j  org.lwjgl.opencl.CL10.nclSetKernelArg(JIJJ)I+26
j  org.lwjgl.opencl.CL10.clSetKernelArg(JILjava/nio/IntBuffer;)I+15
j  com.infin/de.demo.bcminer.cl.CLMiner.mine(Lcom/infineemo/bcminer/BlockHeader;I)Ljava/lang/Integer;+391
j  com.infine.demo.bcminer.Bench.start(Ljava/util/concurrent/CompletableFuture;Lcom/infine/demo/bcminer/IMiner;Lcom/infine/demo/bcminer/BlockHeader;I)V+3
j  com.infine.demo.bcminer.Bench.lambda$start$0(Ljava/util/concurrent/CompletableFuture;Lcom/infine/demo/bcminer/IMiner;Lcom/infine/demo/bcminer/BlockHeader;I)V+4
j  com.infine.demo.bcminer.Bench$$Lambda$73+0x0000000800cc1918.run()V+16
j  java.lang.Thread.run()V+11 java.base@17.0.1
v  ~StubRoutines::call_stub

siginfo: EXCEPTION_ACCESS_VIOLATION (0xc0000005), reading address 0x0000000000000130


Register to memory mapping:

RIP=0x00007ffbbc05292c OpenCL.dll
RAX=0x0 is NULL
RBX={method} {0x000001937f8c6198} 'callPPPI' '(JIJJJ)I' in 'org/lwjgl/system/JNI'
RCX=0x00000193246b9bd0 points into unknown readable memory: 0x0000000000000000 | 00 00 00 00 00 00 00 00
RDX=0x0000000000000001 is an unknown value
RSP=0x000000591adff188 is pointing into the stack for thread: 0x0000019324b74a40
RBP=0x000000591adff240 is pointing into the stack for thread: 0x0000019324b74a40
RSI=0x0000000000000110 is an unknown value
RDI=0x0000000000000030 is an unknown value
R8 =0x0000000000000004 is an unknown value
R9 =0x0000019325068c04 points into unknown readable memory: 00 00 c4 0e
R10=0x000001930000d5f2 is at code_begin+946 in an Interpreter codelet
method entry point (kind = native)  [0x000001930000d240, 0x000001930000dbc0]  2432 bytes
R11=0x000000070f528148 is an oop: java.lang.Class 
{0x000000070f528148} - klass: 'java/lang/Class'
 - ---- fields (total size 14 words):
 - private volatile transient 'classRedefinedCount' 'I' @12  0
 - private volatile transient 'cachedConstructor' 'Ljava/lang/reflect/Constructor;' @40  NULL (0)
 - private transient 'name' 'Ljava/lang/String;' @44  "org.lwjgl.system.JNI"{0x000000070f5281b8} (e1ea5037)
 - private transient 'module' 'Ljava/lang/Module;' @48  a 'java/lang/Module'{0x000000070f4aea70} (e1e95d4e)
 - private final 'classLoader' 'Ljava/lang/ClassLoader;' @52  a 'jdk/internal/loader/ClassLoaders$AppClassLoader'{0x000000070f400000} (e1e80000)
 - private transient 'classData' 'Ljava/lang/Object;' @56  NULL (0)
 - private transient 'packageName' 'Ljava/lang/String;' @60  "org.lwjgl.system"{0x000000070f44efd8} (e1e89dfb)
 - private final 'componentType' 'Ljava/lang/Class;' @64  NULL (0)
 - private volatile transient 'reflectionData' 'Ljava/lang/ref/SoftReference;' @68  NULL (0)
 - private volatile transient 'genericInfo' 'Lsun/reflect/generics/repository/ClassRepository;' @72  NULL (0)
 - private volatile transient 'enumConstants' '[Ljava/lang/Object;' @76  NULL (0)
 - private volatile transient 'enumConstantDirectory' 'Ljava/util/Map;' @80  NULL (0)
 - private volatile transient 'annotationData' 'Ljava/lang/Class$AnnotationData;' @84  NULL (0)
 - private volatile transient 'annotationType' 'Lsun/reflect/annotation/AnnotationType;' @88  NULL (0)
 - transient 'classValueMap' 'Ljava/lang/ClassValue$ClassValueMap;' @92  NULL (0)
 - signature: Lorg/lwjgl/system/JNI;
 - fake entry for mirror: 'org/lwjgl/system/JNI'
 - fake entry for array: NULL
 - fake entry for oop_size: 14
 - fake entry for static_oop_field_count: 0
R12=0x0 is NULL
R13={method} {0x000001937f8c6198} 'callPPPI' '(JIJJJ)I' in 'org/lwjgl/system/JNI'
R14=0x000000591adff2a0 is pointing into the stack for thread: 0x0000019324b74a40
R15=0x0000019324b74a40 is a thread


Registers:
RAX=0x0000000000000000, RBX=0x000001937f8c6190, RCX=0x00000193246b9bd0, RDX=0x0000000000000001
RSP=0x000000591adff188, RBP=0x000000591adff240, RSI=0x0000000000000110, RDI=0x0000000000000030
R8 =0x0000000000000004, R9 =0x0000019325068c04, R10=0x000001930000d5f2, R11=0x000000070f528148
R12=0x0000000000000000, R13=0x000001937f8c6190, R14=0x000000591adff2a0, R15=0x0000019324b74a40
RIP=0x00007ffbbc05292c, EFLAGS=0x0000000000010202

Top of Stack: (sp=0x000000591adff188)
0x000000591adff188:   000001930000d621 000000070f528148
0x000000591adff198:   000001930000af76 000000000ec40000
0x000000591adff1a8:   000000070f400620 0000000000000004
0x000000591adff1b8:   0000019325068c04 00007ffbbc052920
0x000000591adff1c8:   0000000000000000 0000000000000001
0x000000591adff1d8:   0000019325068bfc 000000591adff270
0x000000591adff1e8:   00000193000094fe 000000591adff1f0
0x000000591adff1f8:   000000591adff1f8 0000000000000000
0x000000591adff208:   000000591adff2a0 000001937f8ee948
0x000000591adff218:   0000000000000000 000000070f528148
0x000000591adff228:   000001937f8c6190 0000000000000000
0x000000591adff238:   000000591adff260 000000591adff2f0
0x000000591adff248:   0000019300009612 000000070f528148
0x000000591adff258:   000001930000af76 00007ffbbc052920
0x000000591adff268:   0000000000000000 0000019325068c04
0x000000591adff278:   0000000000000000 0000000000000004 

Instructions: (pc=0x00007ffbbc05292c)
0x00007ffbbc05282c:   48 ff a0 e8 00 00 00 cc cc cc cc cc cc cc cc cc
0x00007ffbbc05283c:   cc cc cc cc 48 85 c9 75 04 8d 41 d4 c3 4c 8b 11
0x00007ffbbc05284c:   49 ff a2 f0 00 00 00 cc cc cc cc cc cc cc cc cc
0x00007ffbbc05285c:   cc cc cc cc 48 85 c9 75 04 8d 41 d4 c3 4c 8b 11
0x00007ffbbc05286c:   49 ff a2 00 01 00 00 cc cc cc cc cc cc cc cc cc
0x00007ffbbc05287c:   cc cc cc cc 48 85 c9 75 04 8d 41 d4 c3 4c 8b 11
0x00007ffbbc05288c:   49 ff a2 08 01 00 00 cc cc cc cc cc cc cc cc cc
0x00007ffbbc05289c:   cc cc cc cc 48 85 c9 75 0f 4d 85 c0 74 07 41 c7
0x00007ffbbc0528ac:   00 d4 ff ff ff 33 c0 c3 48 8b 01 48 ff a0 10 01
0x00007ffbbc0528bc:   00 00 cc cc 48 85 c9 75 04 8d 41 d4 c3 48 8b 01
0x00007ffbbc0528cc:   48 ff a0 18 01 00 00 cc cc cc cc cc cc cc cc cc
0x00007ffbbc0528dc:   cc cc cc cc 48 85 c9 75 04 8d 41 d0 c3 48 8b 01
0x00007ffbbc0528ec:   48 ff a0 20 01 00 00 cc cc cc cc cc cc cc cc cc
0x00007ffbbc0528fc:   cc cc cc cc 48 85 c9 75 04 8d 41 d0 c3 48 8b 01
0x00007ffbbc05290c:   48 ff a0 28 01 00 00 cc cc cc cc cc cc cc cc cc
0x00007ffbbc05291c:   cc cc cc cc 48 85 c9 75 04 8d 41 d0 c3 48 8b 01
0x00007ffbbc05292c:   48 ff a0 30 01 00 00 cc cc cc cc cc cc cc cc cc
0x00007ffbbc05293c:   cc cc cc cc 48 85 c9 75 04 8d 41 d0 c3 4c 8b 11
0x00007ffbbc05294c:   49 ff a2 38 01 00 00 cc cc cc cc cc cc cc cc cc
0x00007ffbbc05295c:   cc cc cc cc 48 85 c9 75 04 8d 41 d0 c3 4c 8b 11
0x00007ffbbc05296c:   49 ff a2 40 01 00 00 cc cc cc cc cc cc cc cc cc
0x00007ffbbc05297c:   cc cc cc cc 85 c9 74 1d 48 85 d2 74 18 48 8b 02
0x00007ffbbc05298c:   48 85 c0 75 06 b8 c6 ff ff ff c3 48 8b 00 48 ff
0x00007ffbbc05299c:   a0 48 01 00 00 b8 e2 ff ff ff c3 cc cc cc cc cc
0x00007ffbbc0529ac:   cc cc cc cc 48 85 c9 75 04 8d 41 c6 c3 4c 8b 11
0x00007ffbbc0529bc:   49 ff a2 50 01 00 00 cc cc cc cc cc cc cc cc cc
0x00007ffbbc0529cc:   cc cc cc cc 48 85 c9 75 04 8d 41 c6 c3 48 8b 01
0x00007ffbbc0529dc:   48 ff a0 58 01 00 00 cc cc cc cc cc cc cc cc cc
0x00007ffbbc0529ec:   cc cc cc cc 48 85 c9 75 04 8d 41 c6 c3 48 8b 01
0x00007ffbbc0529fc:   48 ff a0 60 01 00 00 cc cc cc cc cc cc cc cc cc
0x00007ffbbc052a0c:   cc cc cc cc 48 85 c9 75 04 8d 41 c6 c3 4c 8b 11
0x00007ffbbc052a1c:   49 ff a2 68 01 00 00 cc cc cc cc cc cc cc cc cc 


Stack slot to memory mapping:
stack at sp + 0 slots: 0x000001930000d621 is at code_begin+993 in an Interpreter codelet
method entry point (kind = native)  [0x000001930000d240, 0x000001930000dbc0]  2432 bytes
stack at sp + 1 slots: 0x000000070f528148 is an oop: java.lang.Class 
{0x000000070f528148} - klass: 'java/lang/Class'
 - ---- fields (total size 14 words):
 - private volatile transient 'classRedefinedCount' 'I' @12  0
 - private volatile transient 'cachedConstructor' 'Ljava/lang/reflect/Constructor;' @40  NULL (0)
 - private transient 'name' 'Ljava/lang/String;' @44  "org.lwjgl.system.JNI"{0x000000070f5281b8} (e1ea5037)
 - private transient 'module' 'Ljava/lang/Module;' @48  a 'java/lang/Module'{0x000000070f4aea70} (e1e95d4e)
 - private final 'classLoader' 'Ljava/lang/ClassLoader;' @52  a 'jdk/internal/loader/ClassLoaders$AppClassLoader'{0x000000070f400000} (e1e80000)
 - private transient 'classData' 'Ljava/lang/Object;' @56  NULL (0)
 - private transient 'packageName' 'Ljava/lang/String;' @60  "org.lwjgl.system"{0x000000070f44efd8} (e1e89dfb)
 - private final 'componentType' 'Ljava/lang/Class;' @64  NULL (0)
 - private volatile transient 'reflectionData' 'Ljava/lang/ref/SoftReference;' @68  NULL (0)
 - private volatile transient 'genericInfo' 'Lsun/reflect/generics/repository/ClassRepository;' @72  NULL (0)
 - private volatile transient 'enumConstants' '[Ljava/lang/Object;' @76  NULL (0)
 - private volatile transient 'enumConstantDirectory' 'Ljava/util/Map;' @80  NULL (0)
 - private volatile transient 'annotationData' 'Ljava/lang/Class$AnnotationData;' @84  NULL (0)
 - private volatile transient 'annotationType' 'Lsun/reflect/annotation/AnnotationType;' @88  NULL (0)
 - transient 'classValueMap' 'Ljava/lang/ClassValue$ClassValueMap;' @92  NULL (0)
 - signature: Lorg/lwjgl/system/JNI;
 - fake entry for mirror: 'org/lwjgl/system/JNI'
 - fake entry for array: NULL
 - fake entry for oop_size: 14
 - fake entry for static_oop_field_count: 0
stack at sp + 2 slots: 0x000001930000af76 is at code_begin+22 in an Interpreter codelet
result handlers for native calls  [0x000001930000af60, 0x000001930000af80]  32 bytes
stack at sp + 3 slots: 0x000000000ec40000 is an unknown value
stack at sp + 4 slots: 0x000000070f400620 is an oop: jdk.internal.misc.Unsafe 
{0x000000070f400620} - klass: 'jdk/internal/misc/Unsafe'
 - ---- fields (total size 2 words):
stack at sp + 5 slots: 0x0000000000000004 is an unknown value
stack at sp + 6 slots: 0x0000019325068c04 points into unknown readable memory: 00 00 c4 0e
stack at sp + 7 slots: 0x00007ffbbc052920 OpenCL.dll


---------------  P R O C E S S  ---------------

Threads class SMR info:
_java_thread_list=0x0000019324ae0f50, length=14, elements={
0x000001937eff1be0, 0x000001937eff3a60, 0x000001937f004680, 0x000001937f006240,
0x000001937f009100, 0x000001937f009ab0, 0x000001937f00a790, 0x000001937f00ffb0,
0x000001937f01b1d0, 0x000001937fcd61f0, 0x000001937fd92700, 0x000001937fe762a0,
0x0000019324b74a40, 0x0000019372e2f860
}

Java Threads: ( => current thread )
  0x000001937eff1be0 JavaThread "Reference Handler" daemon [_thread_blocked, id=1852, stack(0x0000005918f00000,0x0000005919000000)]
  0x000001937eff3a60 JavaThread "Finalizer" daemon [_thread_blocked, id=6112, stack(0x0000005919000000,0x0000005919100000)]
  0x000001937f004680 JavaThread "Signal Dispatcher" daemon [_thread_blocked, id=3136, stack(0x0000005919100000,0x0000005919200000)]
  0x000001937f006240 JavaThread "Attach Listener" daemon [_thread_blocked, id=1444, stack(0x0000005919200000,0x0000005919300000)]
  0x000001937f009100 JavaThread "Service Thread" daemon [_thread_blocked, id=6480, stack(0x0000005919300000,0x0000005919400000)]
  0x000001937f009ab0 JavaThread "Monitor Deflation Thread" daemon [_thread_blocked, id=11188, stack(0x0000005919400000,0x0000005919500000)]
  0x000001937f00a790 JavaThread "C2 CompilerThread0" daemon [_thread_blocked, id=4040, stack(0x0000005919500000,0x0000005919600000)]
  0x000001937f00ffb0 JavaThread "C1 CompilerThread0" daemon [_thread_blocked, id=5320, stack(0x0000005919600000,0x0000005919700000)]
  0x000001937f01b1d0 JavaThread "Sweeper thread" daemon [_thread_blocked, id=5740, stack(0x0000005919700000,0x0000005919800000)]
  0x000001937fcd61f0 JavaThread "Common-Cleaner" daemon [_thread_blocked, id=7964, stack(0x0000005919800000,0x0000005919900000)]
  0x000001937fd92700 JavaThread "Monitor Ctrl-Break" daemon [_thread_in_native, id=7764, stack(0x0000005919900000,0x0000005919a00000)]
  0x000001937fe762a0 JavaThread "Notification Thread" daemon [_thread_blocked, id=7136, stack(0x0000005919a00000,0x0000005919b00000)]
=>0x0000019324b74a40 JavaThread "Thread-0" [_thread_in_native, id=9676, stack(0x000000591ad00000,0x000000591ae00000)]
  0x0000019372e2f860 JavaThread "DestroyJavaVM" [_thread_blocked, id=6744, stack(0x0000005918800000,0x0000005918900000)]

Other Threads:
  0x000001937efebfe0 VMThread "VM Thread" [stack: 0x0000005918e00000,0x0000005918f00000] [id=9228]
  0x0000019372e9bc70 WatcherThread [stack: 0x0000005919b00000,0x0000005919c00000] [id=6848]
  0x0000019372e7d500 GCTaskThread "GC Thread#0" [stack: 0x0000005918900000,0x0000005918a00000] [id=4164]
  0x0000019324abab80 GCTaskThread "GC Thread#1" [stack: 0x0000005919c00000,0x0000005919d00000] [id=9024]
  0x00000193248215d0 GCTaskThread "GC Thread#2" [stack: 0x000000591a500000,0x000000591a600000] [id=11248]
  0x00000193249ddf70 GCTaskThread "GC Thread#3" [stack: 0x000000591a600000,0x000000591a700000] [id=904]
  0x00000193248f1c40 GCTaskThread "GC Thread#4" [stack: 0x000000591a700000,0x000000591a800000] [id=1732]
  0x00000193248f1ef0 GCTaskThread "GC Thread#5" [stack: 0x000000591a800000,0x000000591a900000] [id=1592]
  0x0000019324b77420 GCTaskThread "GC Thread#6" [stack: 0x000000591a900000,0x000000591aa00000] [id=9156]
  0x0000019324aa3030 GCTaskThread "GC Thread#7" [stack: 0x000000591aa00000,0x000000591ab00000] [id=8436]
  0x0000019372e907a0 ConcurrentGCThread "G1 Main Marker" [stack: 0x0000005918a00000,0x0000005918b00000] [id=1836]
  0x0000019372e91950 ConcurrentGCThread "G1 Conc#0" [stack: 0x0000005918b00000,0x0000005918c00000] [id=8068]
  0x0000019372f0d2a0 ConcurrentGCThread "G1 Refine#0" [stack: 0x0000005918c00000,0x0000005918d00000] [id=8028]
  0x0000019372f0dcc0 ConcurrentGCThread "G1 Service" [stack: 0x0000005918d00000,0x0000005918e00000] [id=740]

Threads with active compile tasks:

VM state: not at safepoint (normal execution)

VM Mutex/Monitor currently owned by a thread: None

Heap address: 0x0000000700c00000, size: 4084 MB, Compressed Oops mode: Zero based, Oop shift amount: 3

CDS archive(s) mapped at: [0x0000000800000000-0x0000000800bc0000-0x0000000800bc0000), size 12320768, SharedBaseAddress: 0x0000000800000000, ArchiveRelocationMode: 0.
Compressed class space mapped at: 0x0000000800c00000-0x0000000840c00000, reserved size: 1073741824
Narrow klass base: 0x0000000800000000, Narrow klass shift: 0, Narrow klass range: 0x100000000

GC Precious Log:
 CPUs: 12 total, 12 available
 Memory: 16332M
 Large Page Support: Disabled
 NUMA Support: Disabled
 Compressed Oops: Enabled (Zero based)
 Heap Region Size: 2M
 Heap Min Capacity: 8M
 Heap Initial Capacity: 256M
 Heap Max Capacity: 4084M
 Pre-touch: Disabled
 Parallel Workers: 10
 Concurrent Workers: 3
 Concurrent Refinement Workers: 10
 Periodic GC: Disabled

Heap:
 garbage-first heap   total 262144K, used 5010K [0x0000000700c00000, 0x0000000800000000)
  region size 2048K, 4 young (8192K), 2 survivors (4096K)
 Metaspace       used 8034K, committed 8192K, reserved 1064960K
  class space    used 755K, committed 832K, reserved 1048576K

Heap Regions: E=young(eden), S=young(survivor), O=old, HS=humongous(starts), HC=humongous(continues), CS=collection set, F=free, OA=open archive, CA=closed archive, TAMS=top-at-mark-start (previous, next)
|   0|0x0000000700c00000, 0x0000000700c00000, 0x0000000700e00000|  0%| F|  |TAMS 0x0000000700c00000, 0x0000000700c00000| Untracked 
|   1|0x0000000700e00000, 0x0000000700e00000, 0x0000000701000000|  0%| F|  |TAMS 0x0000000700e00000, 0x0000000700e00000| Untracked 
|   2|0x0000000701000000, 0x0000000701000000, 0x0000000701200000|  0%| F|  |TAMS 0x0000000701000000, 0x0000000701000000| Untracked 
|   3|0x0000000701200000, 0x0000000701200000, 0x0000000701400000|  0%| F|  |TAMS 0x0000000701200000, 0x0000000701200000| Untracked 
|   4|0x0000000701400000, 0x0000000701400000, 0x0000000701600000|  0%| F|  |TAMS 0x0000000701400000, 0x0000000701400000| Untracked 
|   5|0x0000000701600000, 0x0000000701600000, 0x0000000701800000|  0%| F|  |TAMS 0x0000000701600000, 0x0000000701600000| Untracked 
|   6|0x0000000701800000, 0x0000000701800000, 0x0000000701a00000|  0%| F|  |TAMS 0x0000000701800000, 0x0000000701800000| Untracked 
|   7|0x0000000701a00000, 0x0000000701a00000, 0x0000000701c00000|  0%| F|  |TAMS 0x0000000701a00000, 0x0000000701a00000| Untracked 
|   8|0x0000000701c00000, 0x0000000701c00000, 0x0000000701e00000|  0%| F|  |TAMS 0x0000000701c00000, 0x0000000701c00000| Untracked 
|   9|0x0000000701e00000, 0x0000000701e00000, 0x0000000702000000|  0%| F|  |TAMS 0x0000000701e00000, 0x0000000701e00000| Untracked 
|  10|0x0000000702000000, 0x0000000702000000, 0x0000000702200000|  0%| F|  |TAMS 0x0000000702000000, 0x0000000702000000| Untracked 
|  11|0x0000000702200000, 0x0000000702200000, 0x0000000702400000|  0%| F|  |TAMS 0x0000000702200000, 0x0000000702200000| Untracked 
|  12|0x0000000702400000, 0x0000000702400000, 0x0000000702600000|  0%| F|  |TAMS 0x0000000702400000, 0x0000000702400000| Untracked 
|  13|0x0000000702600000, 0x0000000702600000, 0x0000000702800000|  0%| F|  |TAMS 0x0000000702600000, 0x0000000702600000| Untracked 
|  14|0x0000000702800000, 0x0000000702800000, 0x0000000702a00000|  0%| F|  |TAMS 0x0000000702800000, 0x0000000702800000| Untracked 
|  15|0x0000000702a00000, 0x0000000702a00000, 0x0000000702c00000|  0%| F|  |TAMS 0x0000000702a00000, 0x0000000702a00000| Untracked 
|  16|0x0000000702c00000, 0x0000000702c00000, 0x0000000702e00000|  0%| F|  |TAMS 0x0000000702c00000, 0x0000000702c00000| Untracked 
|  17|0x0000000702e00000, 0x0000000702e00000, 0x0000000703000000|  0%| F|  |TAMS 0x0000000702e00000, 0x0000000702e00000| Untracked 
|  18|0x0000000703000000, 0x0000000703000000, 0x0000000703200000|  0%| F|  |TAMS 0x0000000703000000, 0x0000000703000000| Untracked 
|  19|0x0000000703200000, 0x0000000703200000, 0x0000000703400000|  0%| F|  |TAMS 0x0000000703200000, 0x0000000703200000| Untracked 
|  20|0x0000000703400000, 0x0000000703400000, 0x0000000703600000|  0%| F|  |TAMS 0x0000000703400000, 0x0000000703400000| Untracked 
|  21|0x0000000703600000, 0x0000000703600000, 0x0000000703800000|  0%| F|  |TAMS 0x0000000703600000, 0x0000000703600000| Untracked 
|  22|0x0000000703800000, 0x0000000703800000, 0x0000000703a00000|  0%| F|  |TAMS 0x0000000703800000, 0x0000000703800000| Untracked 
|  23|0x0000000703a00000, 0x0000000703a00000, 0x0000000703c00000|  0%| F|  |TAMS 0x0000000703a00000, 0x0000000703a00000| Untracked 
|  24|0x0000000703c00000, 0x0000000703c00000, 0x0000000703e00000|  0%| F|  |TAMS 0x0000000703c00000, 0x0000000703c00000| Untracked 
|  25|0x0000000703e00000, 0x0000000703e00000, 0x0000000704000000|  0%| F|  |TAMS 0x0000000703e00000, 0x0000000703e00000| Untracked 
|  26|0x0000000704000000, 0x0000000704000000, 0x0000000704200000|  0%| F|  |TAMS 0x0000000704000000, 0x0000000704000000| Untracked 
|  27|0x0000000704200000, 0x0000000704200000, 0x0000000704400000|  0%| F|  |TAMS 0x0000000704200000, 0x0000000704200000| Untracked 
|  28|0x0000000704400000, 0x0000000704400000, 0x0000000704600000|  0%| F|  |TAMS 0x0000000704400000, 0x0000000704400000| Untracked 
|  29|0x0000000704600000, 0x0000000704600000, 0x0000000704800000|  0%| F|  |TAMS 0x0000000704600000, 0x0000000704600000| Untracked 
|  30|0x0000000704800000, 0x0000000704800000, 0x0000000704a00000|  0%| F|  |TAMS 0x0000000704800000, 0x0000000704800000| Untracked 
|  31|0x0000000704a00000, 0x0000000704a00000, 0x0000000704c00000|  0%| F|  |TAMS 0x0000000704a00000, 0x0000000704a00000| Untracked 
|  32|0x0000000704c00000, 0x0000000704c00000, 0x0000000704e00000|  0%| F|  |TAMS 0x0000000704c00000, 0x0000000704c00000| Untracked 
|  33|0x0000000704e00000, 0x0000000704e00000, 0x0000000705000000|  0%| F|  |TAMS 0x0000000704e00000, 0x0000000704e00000| Untracked 
|  34|0x0000000705000000, 0x0000000705000000, 0x0000000705200000|  0%| F|  |TAMS 0x0000000705000000, 0x0000000705000000| Untracked 
|  35|0x0000000705200000, 0x0000000705200000, 0x0000000705400000|  0%| F|  |TAMS 0x0000000705200000, 0x0000000705200000| Untracked 
|  36|0x0000000705400000, 0x0000000705400000, 0x0000000705600000|  0%| F|  |TAMS 0x0000000705400000, 0x0000000705400000| Untracked 
|  37|0x0000000705600000, 0x0000000705600000, 0x0000000705800000|  0%| F|  |TAMS 0x0000000705600000, 0x0000000705600000| Untracked 
|  38|0x0000000705800000, 0x0000000705800000, 0x0000000705a00000|  0%| F|  |TAMS 0x0000000705800000, 0x0000000705800000| Untracked 
|  39|0x0000000705a00000, 0x0000000705a00000, 0x0000000705c00000|  0%| F|  |TAMS 0x0000000705a00000, 0x0000000705a00000| Untracked 
|  40|0x0000000705c00000, 0x0000000705c00000, 0x0000000705e00000|  0%| F|  |TAMS 0x0000000705c00000, 0x0000000705c00000| Untracked 
|  41|0x0000000705e00000, 0x0000000705e00000, 0x0000000706000000|  0%| F|  |TAMS 0x0000000705e00000, 0x0000000705e00000| Untracked 
|  42|0x0000000706000000, 0x0000000706000000, 0x0000000706200000|  0%| F|  |TAMS 0x0000000706000000, 0x0000000706000000| Untracked 
|  43|0x0000000706200000, 0x0000000706200000, 0x0000000706400000|  0%| F|  |TAMS 0x0000000706200000, 0x0000000706200000| Untracked 
|  44|0x0000000706400000, 0x0000000706400000, 0x0000000706600000|  0%| F|  |TAMS 0x0000000706400000, 0x0000000706400000| Untracked 
|  45|0x0000000706600000, 0x0000000706600000, 0x0000000706800000|  0%| F|  |TAMS 0x0000000706600000, 0x0000000706600000| Untracked 
|  46|0x0000000706800000, 0x0000000706800000, 0x0000000706a00000|  0%| F|  |TAMS 0x0000000706800000, 0x0000000706800000| Untracked 
|  47|0x0000000706a00000, 0x0000000706a00000, 0x0000000706c00000|  0%| F|  |TAMS 0x0000000706a00000, 0x0000000706a00000| Untracked 
|  48|0x0000000706c00000, 0x0000000706c00000, 0x0000000706e00000|  0%| F|  |TAMS 0x0000000706c00000, 0x0000000706c00000| Untracked 
|  49|0x0000000706e00000, 0x0000000706e00000, 0x0000000707000000|  0%| F|  |TAMS 0x0000000706e00000, 0x0000000706e00000| Untracked 
|  50|0x0000000707000000, 0x0000000707000000, 0x0000000707200000|  0%| F|  |TAMS 0x0000000707000000, 0x0000000707000000| Untracked 
|  51|0x0000000707200000, 0x0000000707200000, 0x0000000707400000|  0%| F|  |TAMS 0x0000000707200000, 0x0000000707200000| Untracked 
|  52|0x0000000707400000, 0x0000000707400000, 0x0000000707600000|  0%| F|  |TAMS 0x0000000707400000, 0x0000000707400000| Untracked 
|  53|0x0000000707600000, 0x0000000707600000, 0x0000000707800000|  0%| F|  |TAMS 0x0000000707600000, 0x0000000707600000| Untracked 
|  54|0x0000000707800000, 0x0000000707800000, 0x0000000707a00000|  0%| F|  |TAMS 0x0000000707800000, 0x0000000707800000| Untracked 
|  55|0x0000000707a00000, 0x0000000707a00000, 0x0000000707c00000|  0%| F|  |TAMS 0x0000000707a00000, 0x0000000707a00000| Untracked 
|  56|0x0000000707c00000, 0x0000000707c00000, 0x0000000707e00000|  0%| F|  |TAMS 0x0000000707c00000, 0x0000000707c00000| Untracked 
|  57|0x0000000707e00000, 0x0000000707e00000, 0x0000000708000000|  0%| F|  |TAMS 0x0000000707e00000, 0x0000000707e00000| Untracked 
|  58|0x0000000708000000, 0x0000000708000000, 0x0000000708200000|  0%| F|  |TAMS 0x0000000708000000, 0x0000000708000000| Untracked 
|  59|0x0000000708200000, 0x0000000708200000, 0x0000000708400000|  0%| F|  |TAMS 0x0000000708200000, 0x0000000708200000| Untracked 
|  60|0x0000000708400000, 0x0000000708400000, 0x0000000708600000|  0%| F|  |TAMS 0x0000000708400000, 0x0000000708400000| Untracked 
|  61|0x0000000708600000, 0x0000000708600000, 0x0000000708800000|  0%| F|  |TAMS 0x0000000708600000, 0x0000000708600000| Untracked 
|  62|0x0000000708800000, 0x0000000708800000, 0x0000000708a00000|  0%| F|  |TAMS 0x0000000708800000, 0x0000000708800000| Untracked 
|  63|0x0000000708a00000, 0x0000000708a00000, 0x0000000708c00000|  0%| F|  |TAMS 0x0000000708a00000, 0x0000000708a00000| Untracked 
|  64|0x0000000708c00000, 0x0000000708c00000, 0x0000000708e00000|  0%| F|  |TAMS 0x0000000708c00000, 0x0000000708c00000| Untracked 
|  65|0x0000000708e00000, 0x0000000708e00000, 0x0000000709000000|  0%| F|  |TAMS 0x0000000708e00000, 0x0000000708e00000| Untracked 
|  66|0x0000000709000000, 0x0000000709000000, 0x0000000709200000|  0%| F|  |TAMS 0x0000000709000000, 0x0000000709000000| Untracked 
|  67|0x0000000709200000, 0x0000000709200000, 0x0000000709400000|  0%| F|  |TAMS 0x0000000709200000, 0x0000000709200000| Untracked 
|  68|0x0000000709400000, 0x0000000709400000, 0x0000000709600000|  0%| F|  |TAMS 0x0000000709400000, 0x0000000709400000| Untracked 
|  69|0x0000000709600000, 0x0000000709600000, 0x0000000709800000|  0%| F|  |TAMS 0x0000000709600000, 0x0000000709600000| Untracked 
|  70|0x0000000709800000, 0x0000000709800000, 0x0000000709a00000|  0%| F|  |TAMS 0x0000000709800000, 0x0000000709800000| Untracked 
|  71|0x0000000709a00000, 0x0000000709a00000, 0x0000000709c00000|  0%| F|  |TAMS 0x0000000709a00000, 0x0000000709a00000| Untracked 
|  72|0x0000000709c00000, 0x0000000709c00000, 0x0000000709e00000|  0%| F|  |TAMS 0x0000000709c00000, 0x0000000709c00000| Untracked 
|  73|0x0000000709e00000, 0x0000000709e00000, 0x000000070a000000|  0%| F|  |TAMS 0x0000000709e00000, 0x0000000709e00000| Untracked 
|  74|0x000000070a000000, 0x000000070a000000, 0x000000070a200000|  0%| F|  |TAMS 0x000000070a000000, 0x000000070a000000| Untracked 
|  75|0x000000070a200000, 0x000000070a200000, 0x000000070a400000|  0%| F|  |TAMS 0x000000070a200000, 0x000000070a200000| Untracked 
|  76|0x000000070a400000, 0x000000070a400000, 0x000000070a600000|  0%| F|  |TAMS 0x000000070a400000, 0x000000070a400000| Untracked 
|  77|0x000000070a600000, 0x000000070a600000, 0x000000070a800000|  0%| F|  |TAMS 0x000000070a600000, 0x000000070a600000| Untracked 
|  78|0x000000070a800000, 0x000000070a800000, 0x000000070aa00000|  0%| F|  |TAMS 0x000000070a800000, 0x000000070a800000| Untracked 
|  79|0x000000070aa00000, 0x000000070aa00000, 0x000000070ac00000|  0%| F|  |TAMS 0x000000070aa00000, 0x000000070aa00000| Untracked 
|  80|0x000000070ac00000, 0x000000070ac00000, 0x000000070ae00000|  0%| F|  |TAMS 0x000000070ac00000, 0x000000070ac00000| Untracked 
|  81|0x000000070ae00000, 0x000000070ae00000, 0x000000070b000000|  0%| F|  |TAMS 0x000000070ae00000, 0x000000070ae00000| Untracked 
|  82|0x000000070b000000, 0x000000070b000000, 0x000000070b200000|  0%| F|  |TAMS 0x000000070b000000, 0x000000070b000000| Untracked 
|  83|0x000000070b200000, 0x000000070b200000, 0x000000070b400000|  0%| F|  |TAMS 0x000000070b200000, 0x000000070b200000| Untracked 
|  84|0x000000070b400000, 0x000000070b400000, 0x000000070b600000|  0%| F|  |TAMS 0x000000070b400000, 0x000000070b400000| Untracked 
|  85|0x000000070b600000, 0x000000070b600000, 0x000000070b800000|  0%| F|  |TAMS 0x000000070b600000, 0x000000070b600000| Untracked 
|  86|0x000000070b800000, 0x000000070b800000, 0x000000070ba00000|  0%| F|  |TAMS 0x000000070b800000, 0x000000070b800000| Untracked 
|  87|0x000000070ba00000, 0x000000070ba00000, 0x000000070bc00000|  0%| F|  |TAMS 0x000000070ba00000, 0x000000070ba00000| Untracked 
|  88|0x000000070bc00000, 0x000000070bc00000, 0x000000070be00000|  0%| F|  |TAMS 0x000000070bc00000, 0x000000070bc00000| Untracked 
|  89|0x000000070be00000, 0x000000070be00000, 0x000000070c000000|  0%| F|  |TAMS 0x000000070be00000, 0x000000070be00000| Untracked 
|  90|0x000000070c000000, 0x000000070c000000, 0x000000070c200000|  0%| F|  |TAMS 0x000000070c000000, 0x000000070c000000| Untracked 
|  91|0x000000070c200000, 0x000000070c200000, 0x000000070c400000|  0%| F|  |TAMS 0x000000070c200000, 0x000000070c200000| Untracked 
|  92|0x000000070c400000, 0x000000070c400000, 0x000000070c600000|  0%| F|  |TAMS 0x000000070c400000, 0x000000070c400000| Untracked 
|  93|0x000000070c600000, 0x000000070c600000, 0x000000070c800000|  0%| F|  |TAMS 0x000000070c600000, 0x000000070c600000| Untracked 
|  94|0x000000070c800000, 0x000000070c800000, 0x000000070ca00000|  0%| F|  |TAMS 0x000000070c800000, 0x000000070c800000| Untracked 
|  95|0x000000070ca00000, 0x000000070ca00000, 0x000000070cc00000|  0%| F|  |TAMS 0x000000070ca00000, 0x000000070ca00000| Untracked 
|  96|0x000000070cc00000, 0x000000070cc00000, 0x000000070ce00000|  0%| F|  |TAMS 0x000000070cc00000, 0x000000070cc00000| Untracked 
|  97|0x000000070ce00000, 0x000000070ce00000, 0x000000070d000000|  0%| F|  |TAMS 0x000000070ce00000, 0x000000070ce00000| Untracked 
|  98|0x000000070d000000, 0x000000070d000000, 0x000000070d200000|  0%| F|  |TAMS 0x000000070d000000, 0x000000070d000000| Untracked 
|  99|0x000000070d200000, 0x000000070d200000, 0x000000070d400000|  0%| F|  |TAMS 0x000000070d200000, 0x000000070d200000| Untracked 
| 100|0x000000070d400000, 0x000000070d400000, 0x000000070d600000|  0%| F|  |TAMS 0x000000070d400000, 0x000000070d400000| Untracked 
| 101|0x000000070d600000, 0x000000070d600000, 0x000000070d800000|  0%| F|  |TAMS 0x000000070d600000, 0x000000070d600000| Untracked 
| 102|0x000000070d800000, 0x000000070d800000, 0x000000070da00000|  0%| F|  |TAMS 0x000000070d800000, 0x000000070d800000| Untracked 
| 103|0x000000070da00000, 0x000000070da00000, 0x000000070dc00000|  0%| F|  |TAMS 0x000000070da00000, 0x000000070da00000| Untracked 
| 104|0x000000070dc00000, 0x000000070dc00000, 0x000000070de00000|  0%| F|  |TAMS 0x000000070dc00000, 0x000000070dc00000| Untracked 
| 105|0x000000070de00000, 0x000000070de00000, 0x000000070e000000|  0%| F|  |TAMS 0x000000070de00000, 0x000000070de00000| Untracked 
| 106|0x000000070e000000, 0x000000070e000000, 0x000000070e200000|  0%| F|  |TAMS 0x000000070e000000, 0x000000070e000000| Untracked 
| 107|0x000000070e200000, 0x000000070e200000, 0x000000070e400000|  0%| F|  |TAMS 0x000000070e200000, 0x000000070e200000| Untracked 
| 108|0x000000070e400000, 0x000000070e400000, 0x000000070e600000|  0%| F|  |TAMS 0x000000070e400000, 0x000000070e400000| Untracked 
| 109|0x000000070e600000, 0x000000070e600000, 0x000000070e800000|  0%| F|  |TAMS 0x000000070e600000, 0x000000070e600000| Untracked 
| 110|0x000000070e800000, 0x000000070e800000, 0x000000070ea00000|  0%| F|  |TAMS 0x000000070e800000, 0x000000070e800000| Untracked 
| 111|0x000000070ea00000, 0x000000070ea00000, 0x000000070ec00000|  0%| F|  |TAMS 0x000000070ea00000, 0x000000070ea00000| Untracked 
| 112|0x000000070ec00000, 0x000000070ec00000, 0x000000070ee00000|  0%| F|  |TAMS 0x000000070ec00000, 0x000000070ec00000| Untracked 
| 113|0x000000070ee00000, 0x000000070ee00000, 0x000000070f000000|  0%| F|  |TAMS 0x000000070ee00000, 0x000000070ee00000| Untracked 
| 114|0x000000070f000000, 0x000000070f000000, 0x000000070f200000|  0%| F|  |TAMS 0x000000070f000000, 0x000000070f000000| Untracked 
| 115|0x000000070f200000, 0x000000070f2e4a60, 0x000000070f400000| 44%| S|CS|TAMS 0x000000070f200000, 0x000000070f200000| Complete 
| 116|0x000000070f400000, 0x000000070f600000, 0x000000070f600000|100%| S|CS|TAMS 0x000000070f400000, 0x000000070f400000| Complete 
| 117|0x000000070f600000, 0x000000070f600000, 0x000000070f800000|  0%| F|  |TAMS 0x000000070f600000, 0x000000070f600000| Untracked 
| 118|0x000000070f800000, 0x000000070f800000, 0x000000070fa00000|  0%| F|  |TAMS 0x000000070f800000, 0x000000070f800000| Untracked 
| 119|0x000000070fa00000, 0x000000070fa00000, 0x000000070fc00000|  0%| F|  |TAMS 0x000000070fa00000, 0x000000070fa00000| Untracked 
| 120|0x000000070fc00000, 0x000000070fc00000, 0x000000070fe00000|  0%| F|  |TAMS 0x000000070fc00000, 0x000000070fc00000| Untracked 
| 121|0x000000070fe00000, 0x000000070fe00000, 0x0000000710000000|  0%| F|  |TAMS 0x000000070fe00000, 0x000000070fe00000| Untracked 
| 122|0x0000000710000000, 0x0000000710000000, 0x0000000710200000|  0%| F|  |TAMS 0x0000000710000000, 0x0000000710000000| Untracked 
| 123|0x0000000710200000, 0x0000000710200000, 0x0000000710400000|  0%| F|  |TAMS 0x0000000710200000, 0x0000000710200000| Untracked 
| 124|0x0000000710400000, 0x0000000710400000, 0x0000000710600000|  0%| F|  |TAMS 0x0000000710400000, 0x0000000710400000| Untracked 
| 125|0x0000000710600000, 0x0000000710600000, 0x0000000710800000|  0%| F|  |TAMS 0x0000000710600000, 0x0000000710600000| Untracked 
| 126|0x0000000710800000, 0x0000000710922c08, 0x0000000710a00000| 56%| E|  |TAMS 0x0000000710800000, 0x0000000710800000| Complete 
| 127|0x0000000710a00000, 0x0000000710c00000, 0x0000000710c00000|100%| E|CS|TAMS 0x0000000710a00000, 0x0000000710a00000| Complete 

Card table byte_map: [0x000001937b380000,0x000001937bb80000] _byte_map_base: 0x0000019377b7a000

Marking Bits (Prev, Next): (CMBitMap*) 0x0000019372e7ff30, (CMBitMap*) 0x0000019372e7ff70
 Prev Bits: [0x000001930f000000, 0x0000019312fd0000)
 Next Bits: [0x0000019312fd0000, 0x0000019316fa0000)

Polling page: 0x0000019370ac0000

Metaspace:

Usage:
  Non-class:      7.11 MB used.
      Class:    755.20 KB used.
       Both:      7.85 MB used.

Virtual space:
  Non-class space:       16.00 MB reserved,       7.19 MB ( 45%) committed,  2 nodes.
      Class space:        1.00 GB reserved,     832.00 KB ( <1%) committed,  1 nodes.
             Both:        1.02 GB reserved,       8.00 MB ( <1%) committed. 

Chunk freelists:
   Non-Class:  3.46 MB
       Class:  3.23 MB
        Both:  6.69 MB

MaxMetaspaceSize: unlimited
CompressedClassSpaceSize: 1.00 GB
Initial GC threshold: 21.00 MB
Current GC threshold: 21.00 MB
CDS: on
MetaspaceReclaimPolicy: balanced
 - commit_granule_bytes: 65536.
 - commit_granule_words: 8192.
 - virtual_space_node_default_size: 1048576.
 - enlarge_chunks_in_place: 1.
 - new_chunks_are_fully_committed: 0.
 - uncommit_free_chunks: 1.
 - use_allocation_guard: 0.
 - handle_deallocations: 1.


Internal statistics:

num_allocs_failed_limit: 0.
num_arena_births: 90.
num_arena_deaths: 0.
num_vsnodes_births: 3.
num_vsnodes_deaths: 0.
num_space_committed: 128.
num_space_uncommitted: 0.
num_chunks_returned_to_freelist: 0.
num_chunks_taken_from_freelist: 295.
num_chunk_merges: 0.
num_chunk_splits: 223.
num_chunks_enlarged: 181.
num_purges: 0.
num_inconsistent_stats: 0.

CodeHeap 'non-profiled nmethods': size=120000Kb used=419Kb max_used=419Kb free=119580Kb
 bounds [0x0000019307ad0000, 0x0000019307d40000, 0x000001930f000000]
CodeHeap 'profiled nmethods': size=120000Kb used=1944Kb max_used=1944Kb free=118056Kb
 bounds [0x00000193005a0000, 0x0000019300810000, 0x0000019307ad0000]
CodeHeap 'non-nmethods': size=5760Kb used=1633Kb max_used=1660Kb free=4126Kb
 bounds [0x0000019300000000, 0x0000019300270000, 0x00000193005a0000]
 total_blobs=2116 nmethods=1043 adapters=986
 compilation: enabled
              stopped_count=0, restarted_count=0
 full_count=0

Compilation events (20 events):
Event: 1.024 Thread 0x000001937f00ffb0 1033  s    3       java.util.Properties::put (10 bytes)
Event: 1.024 Thread 0x000001937f00ffb0 nmethod 1033 0x0000019300780d10 code [0x0000019300780ec0, 0x00000193007811a8]
Event: 1.026 Thread 0x000001937f00ffb0 1034       3       java.util.ArrayList::iterator (9 bytes)
Event: 1.027 Thread 0x000001937f00ffb0 nmethod 1034 0x0000019300781290 code [0x0000019300781440, 0x00000193007816d8]
Event: 1.027 Thread 0x000001937f00ffb0 1036       3       java.util.Locale::equals (75 bytes)
Event: 1.027 Thread 0x000001937f00ffb0 nmethod 1036 0x0000019300781810 code [0x0000019300781a20, 0x00000193007821b8]
Event: 1.027 Thread 0x000001937f00ffb0 1035       3       java.util.ArrayList$Itr::<init> (26 bytes)
Event: 1.027 Thread 0x000001937f00ffb0 nmethod 1035 0x0000019300782390 code [0x0000019300782520, 0x00000193007826f8]
Event: 1.030 Thread 0x000001937f00ffb0 1037       3       java.util.Properties::getProperty (50 bytes)
Event: 1.030 Thread 0x000001937f00a790 1038       4       java.lang.StringBuilder::append (8 bytes)
Event: 1.030 Thread 0x000001937f00ffb0 nmethod 1037 0x0000019300782810 code [0x00000193007829e0, 0x0000019300782f78]
Event: 1.030 Thread 0x000001937f00ffb0 1041       3       java.util.Properties::saveConvert (383 bytes)
Event: 1.031 Thread 0x000001937f00ffb0 nmethod 1041 0x0000019300783090 code [0x00000193007834e0, 0x0000019300785128]
Event: 1.033 Thread 0x000001937f00a790 nmethod 1038 0x0000019307b36c90 code [0x0000019307b36e40, 0x0000019307b373b8]
Event: 1.033 Thread 0x000001937f00a790 1040       4       java.lang.AbstractStringBuilder::append (77 bytes)
Event: 1.036 Thread 0x000001937f00a790 nmethod 1040 0x0000019307b37690 code [0x0000019307b37840, 0x0000019307b37dd8]
Event: 1.036 Thread 0x000001937f00a790 1039       4       java.lang.StringBuilder::toString (35 bytes)
Event: 1.037 Thread 0x000001937f00a790 nmethod 1039 0x0000019307b38090 code [0x0000019307b38220, 0x0000019307b38678]
Event: 1.066 Thread 0x000001937f00ffb0 1042       3       org.lwjgl.system.Checks::check (16 bytes)
Event: 1.066 Thread 0x000001937f00ffb0 nmethod 1042 0x0000019300785b90 code [0x0000019300785d40, 0x0000019300785f48]

GC Heap History (2 events):
Event: 0.499 GC heap before
{Heap before GC invocations=0 (full 0):
 garbage-first heap   total 262144K, used 22528K [0x0000000700c00000, 0x0000000800000000)
  region size 2048K, 11 young (22528K), 0 survivors (0K)
 Metaspace       used 7422K, committed 7552K, reserved 1064960K
  class space    used 701K, committed 768K, reserved 1048576K
}
Event: 0.502 GC heap after
{Heap after GC invocations=1 (full 0):
 garbage-first heap   total 262144K, used 2962K [0x0000000700c00000, 0x0000000800000000)
  region size 2048K, 2 young (4096K), 2 survivors (4096K)
 Metaspace       used 7422K, committed 7552K, reserved 1064960K
  class space    used 701K, committed 768K, reserved 1048576K
}

Deoptimization events (20 events):
Event: 0.524 Thread 0x0000019372e2f860 DEOPT PACKING pc=0x00000193007685f0 sp=0x00000059188ff000
Event: 0.524 Thread 0x0000019372e2f860 DEOPT UNPACKING pc=0x0000019300052b43 sp=0x00000059188fe510 mode 0
Event: 0.525 Thread 0x0000019372e2f860 DEOPT PACKING pc=0x00000193007685f0 sp=0x00000059188ff000
Event: 0.525 Thread 0x0000019372e2f860 DEOPT UNPACKING pc=0x0000019300052b43 sp=0x00000059188fe510 mode 0
Event: 0.525 Thread 0x0000019372e2f860 DEOPT PACKING pc=0x00000193007685f0 sp=0x00000059188ff000
Event: 0.525 Thread 0x0000019372e2f860 DEOPT UNPACKING pc=0x0000019300052b43 sp=0x00000059188fe510 mode 0
Event: 0.525 Thread 0x0000019372e2f860 DEOPT PACKING pc=0x00000193007685f0 sp=0x00000059188ff000
Event: 0.525 Thread 0x0000019372e2f860 DEOPT UNPACKING pc=0x0000019300052b43 sp=0x00000059188fe510 mode 0
Event: 0.525 Thread 0x0000019372e2f860 DEOPT PACKING pc=0x00000193007685f0 sp=0x00000059188ff000
Event: 0.525 Thread 0x0000019372e2f860 DEOPT UNPACKING pc=0x0000019300052b43 sp=0x00000059188fe510 mode 0
Event: 0.526 Thread 0x0000019372e2f860 DEOPT PACKING pc=0x00000193007685f0 sp=0x00000059188ff000
Event: 0.526 Thread 0x0000019372e2f860 DEOPT UNPACKING pc=0x0000019300052b43 sp=0x00000059188fe510 mode 0
Event: 0.526 Thread 0x0000019372e2f860 DEOPT PACKING pc=0x00000193007685f0 sp=0x00000059188ff000
Event: 0.526 Thread 0x0000019372e2f860 DEOPT UNPACKING pc=0x0000019300052b43 sp=0x00000059188fe510 mode 0
Event: 0.526 Thread 0x0000019372e2f860 DEOPT PACKING pc=0x00000193007685f0 sp=0x00000059188ff000
Event: 0.526 Thread 0x0000019372e2f860 DEOPT UNPACKING pc=0x0000019300052b43 sp=0x00000059188fe510 mode 0
Event: 1.026 Thread 0x000001937f006240 Uncommon trap: trap_request=0xffffff45 fr.pc=0x0000019307b0f864 relative=0x0000000000000ec4
Event: 1.026 Thread 0x000001937f006240 Uncommon trap: reason=unstable_if action=reinterpret pc=0x0000019307b0f864 method=java.util.concurrent.ConcurrentHashMap.putVal(Ljava/lang/Object;Ljava/lang/Object;Z)Ljava/lang/Object; @ 231 c2
Event: 1.026 Thread 0x000001937f006240 DEOPT PACKING pc=0x0000019307b0f864 sp=0x00000059192fe0c0
Event: 1.026 Thread 0x000001937f006240 DEOPT UNPACKING pc=0x00000193000523a3 sp=0x00000059192fe030 mode 2

Classes unloaded (0 events):
No events

Classes redefined (0 events):
No events

Internal exceptions (20 events):
Event: 0.093 Thread 0x0000019372e2f860 Exception <a 'java/lang/NoSuchMethodError'{0x000000071069cec0}: 'void java.lang.invoke.DelegatingMethodHandle$Holder.delegate(java.lang.Object, java.lang.Object, int, java.lang.Object)'> (0x000000071069cec0) 
thrown [t:\workspace\open\src\hotspot\share\interpreter\linkResolver.cpp, line 766]
Event: 0.093 Thread 0x0000019372e2f860 Exception <a 'java/lang/NoSuchMethodError'{0x00000007106a0ef8}: 'int java.lang.invoke.DirectMethodHandle$Holder.invokeSpecial(java.lang.Object, java.lang.Object, java.lang.Object)'> (0x00000007106a0ef8) 
thrown [t:\workspace\open\src\hotspot\share\interpreter\linkResolver.cpp, line 766]
Event: 0.109 Thread 0x0000019372e2f860 Exception <a 'sun/nio/fs/WindowsException'{0x00000007106ed128}> (0x00000007106ed128) 
thrown [t:\workspace\open\src\hotspot\share\prims\jni.cpp, line 516]
Event: 0.109 Thread 0x0000019372e2f860 Exception <a 'sun/nio/fs/WindowsException'{0x00000007106ed658}> (0x00000007106ed658) 
thrown [t:\workspace\open\src\hotspot\share\prims\jni.cpp, line 516]
Event: 0.136 Thread 0x0000019372e2f860 Exception <a 'sun/nio/fs/WindowsException'{0x000000071075ea28}> (0x000000071075ea28) 
thrown [t:\workspace\open\src\hotspot\share\prims\jni.cpp, line 516]
Event: 0.136 Thread 0x0000019372e2f860 Exception <a 'sun/nio/fs/WindowsException'{0x000000071075ece8}> (0x000000071075ece8) 
thrown [t:\workspace\open\src\hotspot\share\prims\jni.cpp, line 516]
Event: 0.143 Thread 0x0000019372e2f860 Exception <a 'java/lang/NoSuchMethodError'{0x00000007107ab570}: 'int java.lang.invoke.DirectMethodHandle$Holder.invokeStaticInit(java.lang.Object, java.lang.Object, int, long)'> (0x00000007107ab570) 
thrown [t:\workspace\open\src\hotspot\share\interpreter\linkResolver.cpp, line 766]
Event: 0.143 Thread 0x0000019372e2f860 Exception <a 'java/lang/NoSuchMethodError'{0x00000007107b10e0}: 'java.lang.Object java.lang.invoke.DirectMethodHandle$Holder.newInvokeSpecial(java.lang.Object, java.lang.Object, int)'> (0x00000007107b10e0) 
thrown [t:\workspace\open\src\hotspot\share\interpreter\linkResolver.cpp, line 766]
Event: 0.144 Thread 0x0000019372e2f860 Exception <a 'java/lang/NoSuchMethodError'{0x00000007107c00f8}: 'int java.lang.invoke.DirectMethodHandle$Holder.invokeStaticInit(java.lang.Object, java.lang.Object, long, long)'> (0x00000007107c00f8) 
thrown [t:\workspace\open\src\hotspot\share\interpreter\linkResolver.cpp, line 766]
Event: 0.145 Thread 0x0000019372e2f860 Exception <a 'java/lang/NoSuchMethodError'{0x00000007107c6700}: 'java.lang.Object java.lang.invoke.DirectMethodHandle$Holder.newInvokeSpecial(java.lang.Object, java.lang.Object, long)'> (0x00000007107c6700) 
thrown [t:\workspace\open\src\hotspot\share\interpreter\linkResolver.cpp, line 766]
Event: 0.145 Thread 0x0000019372e2f860 Exception <a 'java/lang/NoSuchMethodError'{0x00000007107ca9f0}: 'java.lang.Object java.lang.invoke.Invokers$Holder.linkToTargetMethod(java.lang.Object, long, java.lang.Object)'> (0x00000007107ca9f0) 
thrown [t:\workspace\open\src\hotspot\share\interpreter\linkResolver.cpp, line 766]
Event: 0.146 Thread 0x0000019372e2f860 Exception <a 'java/lang/NoSuchMethodError'{0x00000007107d2108}: 'int java.lang.invoke.DirectMethodHandle$Holder.invokeStaticInit(java.lang.Object, java.lang.Object, java.lang.Object, long)'> (0x00000007107d2108) 
thrown [t:\workspace\open\src\hotspot\share\interpreter\linkResolver.cpp, line 766]
Event: 0.212 Thread 0x0000019372e2f860 Exception <a 'java/lang/NoSuchMethodError'{0x0000000710487ce8}: 'void java.lang.invoke.DirectMethodHandle$Holder.invokeStatic(java.lang.Object, java.lang.Object, java.lang.Object, java.lang.Object)'> (0x0000000710487ce8) 
thrown [t:\workspace\open\src\hotspot\share\interpreter\linkResolver.cpp, line 766]
Event: 0.212 Thread 0x0000019372e2f860 Exception <a 'java/lang/NoSuchMethodError'{0x000000071048b6e8}: 'void java.lang.invoke.DirectMethodHandle$Holder.invokeStaticInit(java.lang.Object, java.lang.Object, java.lang.Object, java.lang.Object)'> (0x000000071048b6e8) 
thrown [t:\workspace\open\src\hotspot\share\interpreter\linkResolver.cpp, line 766]
Event: 0.214 Thread 0x0000019372e2f860 Exception <a 'java/lang/NoSuchMethodError'{0x000000071049a918}: 'java.lang.Object java.lang.invoke.DirectMethodHandle$Holder.newInvokeSpecial(java.lang.Object, long)'> (0x000000071049a918) 
thrown [t:\workspace\open\src\hotspot\share\interpreter\linkResolver.cpp, line 766]
Event: 0.476 Thread 0x0000019372e2f860 Exception <a 'java/lang/NoSuchMethodError'{0x000000070f65eb48}: 'java.lang.Object java.lang.invoke.DirectMethodHandle$Holder.newInvokeSpecial(java.lang.Object, java.lang.Object, java.lang.Object, java.lang.Object, java.lang.Object)'> (0x000000070f65eb48) 
thrown [t:\workspace\open\src\hotspot\share\interpreter\linkResolver.cpp, line 766]
Event: 0.530 Thread 0x0000019372e2f860 Exception <a 'java/lang/NoSuchMethodError'{0x0000000710aa2d20}: 'java.lang.Object java.lang.invoke.DirectMethodHandle$Holder.newInvokeSpecial(java.lang.Object, java.lang.Object, java.lang.Object, java.lang.Object, int)'> (0x0000000710aa2d20) 
thrown [t:\workspace\open\src\hotspot\share\interpreter\linkResolver.cpp, line 766]
Event: 0.530 Thread 0x0000019372e2f860 Exception <a 'java/lang/NoSuchMethodError'{0x0000000710aa6fa0}: 'java.lang.Object java.lang.invoke.DirectMethodHandle$Holder.invokeSpecial(java.lang.Object, java.lang.Object, java.lang.Object, java.lang.Object, java.lang.Object, int)'> (0x0000000710aa6fa0) 
thrown [t:\workspace\open\src\hotspot\share\interpreter\linkResolver.cpp, line 766]
Event: 0.531 Thread 0x0000019372e2f860 Exception <a 'java/lang/NoSuchMethodError'{0x0000000710aaa9e0}: 'java.lang.Object java.lang.invoke.Invokers$Holder.linkToTargetMethod(java.lang.Object, java.lang.Object, java.lang.Object, int, java.lang.Object)'> (0x0000000710aaa9e0) 
thrown [t:\workspace\open\src\hotspot\share\interpreter\linkResolver.cpp, line 766]
Event: 1.532 Thread 0x0000019372e2f860 Exception <a 'java/lang/NullPointerException'{0x0000000710bee730}> (0x0000000710bee730) 
thrown [t:\workspace\open\src\hotspot\share\interpreter\linkResolver.cpp, line 1357]

VM Operations (10 events):
Event: 0.041 Executing VM operation: HandshakeAllThreads
Event: 0.042 Executing VM operation: HandshakeAllThreads done
Event: 0.071 Executing VM operation: HandshakeAllThreads
Event: 0.071 Executing VM operation: HandshakeAllThreads done
Event: 0.492 Executing VM operation: HandshakeAllThreads
Event: 0.492 Executing VM operation: HandshakeAllThreads done
Event: 0.499 Executing VM operation: G1CollectForAllocation
Event: 0.502 Executing VM operation: G1CollectForAllocation done
Event: 1.516 Executing VM operation: Cleanup
Event: 1.517 Executing VM operation: Cleanup done

Events (20 events):
Event: 1.025 loading class sun/util/locale/provider/TimeZoneNameProviderImpl
Event: 1.025 loading class sun/util/locale/provider/TimeZoneNameProviderImpl done
Event: 1.025 loading class sun/util/cldr/CLDRTimeZoneNameProviderImpl done
Event: 1.026 loading class sun/util/locale/provider/BaseLocaleDataMetaInfo
Event: 1.026 loading class sun/util/locale/provider/BaseLocaleDataMetaInfo done
Event: 1.026 Thread 0x000001932451b4b0 Thread exited: 0x000001932451b4b0
Event: 1.026 loading class sun/util/resources/cldr/TimeZoneNames
Event: 1.026 loading class sun/util/resources/TimeZoneNamesBundle
Event: 1.026 loading class sun/util/resources/OpenListResourceBundle
Event: 1.027 loading class sun/util/resources/OpenListResourceBundle done
Event: 1.027 loading class sun/util/resources/TimeZoneNamesBundle done
Event: 1.027 loading class sun/util/resources/cldr/TimeZoneNames done
Event: 1.027 loading class sun/util/resources/cldr/TimeZoneNames_en
Event: 1.027 loading class sun/util/resources/cldr/TimeZoneNames_en done
Event: 1.027 loading class sun/util/resources/cldr/TimeZoneNames_en_US
Event: 1.027 loading class sun/util/resources/cldr/TimeZoneNames_en_US done
Event: 1.028 loading class sun/util/resources/TimeZoneNames
Event: 1.028 loading class sun/util/resources/TimeZoneNames done
Event: 1.028 loading class sun/util/resources/TimeZoneNames_en
Event: 1.028 loading class sun/util/resources/TimeZoneNames_en done


Dynamic libraries:
0x00007ff6154f0000 - 0x00007ff6154fe000 	C:\dev-tools\jdk-17.0.1\bin\java.exe
0x00007ffbd80f0000 - 0x00007ffbd82e8000 	C:\Windows\SYSTEM32\ntdll.dll
0x00007ffbd7280000 - 0x00007ffbd733f000 	C:\Windows\System32\KERNEL32.DLL
0x00007ffbd5830000 - 0x00007ffbd5b0a000 	C:\Windows\System32\KERNELBASE.dll
0x00007ffbd5db0000 - 0x00007ffbd5eb0000 	C:\Windows\System32\ucrtbase.dll
0x00007ffbad810000 - 0x00007ffbad82a000 	C:\dev-tools\jdk-17.0.1\bin\VCRUNTIME140.dll
0x00007ffbad680000 - 0x00007ffbad698000 	C:\dev-tools\jdk-17.0.1\bin\jli.dll
0x00007ffbd6c30000 - 0x00007ffbd6dcd000 	C:\Windows\System32\USER32.dll
0x00007ffbd5800000 - 0x00007ffbd5822000 	C:\Windows\System32\win32u.dll
0x00007ffbc9820000 - 0x00007ffbc9aba000 	C:\Windows\WinSxS\amd64_microsoft.windows.common-controls_6595b64144ccf1df_6.0.19041.1110_none_60b5254171f9507e\COMCTL32.dll
0x00007ffbd7df0000 - 0x00007ffbd7e1b000 	C:\Windows\System32\GDI32.dll
0x00007ffbd6dd0000 - 0x00007ffbd6e6e000 	C:\Windows\System32\msvcrt.dll
0x00007ffbd5ca0000 - 0x00007ffbd5db0000 	C:\Windows\System32\gdi32full.dll
0x00007ffbd60b0000 - 0x00007ffbd614d000 	C:\Windows\System32\msvcp_win.dll
0x00007ffbd70c0000 - 0x00007ffbd70f0000 	C:\Windows\System32\IMM32.DLL
0x00007ffbd2e00000 - 0x00007ffbd2e0c000 	C:\dev-tools\jdk-17.0.1\bin\vcruntime140_1.dll
0x00007ffbad930000 - 0x00007ffbad9bd000 	C:\dev-tools\jdk-17.0.1\bin\msvcp140.dll
0x00007ffb8f170000 - 0x00007ffb8fd2e000 	C:\dev-tools\jdk-17.0.1\bin\server\jvm.dll
0x00007ffbd7440000 - 0x00007ffbd74ee000 	C:\Windows\System32\ADVAPI32.dll
0x00007ffbd7eb0000 - 0x00007ffbd7f4c000 	C:\Windows\System32\sechost.dll
0x00007ffbd6200000 - 0x00007ffbd6326000 	C:\Windows\System32\RPCRT4.dll
0x00007ffbd7ea0000 - 0x00007ffbd7ea8000 	C:\Windows\System32\PSAPI.DLL
0x00007ffbd2e80000 - 0x00007ffbd2e89000 	C:\Windows\SYSTEM32\WSOCK32.dll
0x00007ffbd7860000 - 0x00007ffbd78cb000 	C:\Windows\System32\WS2_32.dll
0x00007ffbcf580000 - 0x00007ffbcf58a000 	C:\Windows\SYSTEM32\VERSION.dll
0x00007ffbcb230000 - 0x00007ffbcb257000 	C:\Windows\SYSTEM32\WINMM.dll
0x00007ffbd36a0000 - 0x00007ffbd36b2000 	C:\Windows\SYSTEM32\kernel.appcore.dll
0x00007ffbd2df0000 - 0x00007ffbd2dfa000 	C:\dev-tools\jdk-17.0.1\bin\jimage.dll
0x00007ffbc9c70000 - 0x00007ffbc9e54000 	C:\Windows\SYSTEM32\DBGHELP.DLL
0x00007ffbbfbb0000 - 0x00007ffbbfbe4000 	C:\Windows\SYSTEM32\dbgcore.DLL
0x00007ffbd6020000 - 0x00007ffbd60a2000 	C:\Windows\System32\bcryptPrimitives.dll
0x00007ffbd1230000 - 0x00007ffbd123e000 	C:\dev-tools\jdk-17.0.1\bin\instrument.dll
0x00007ffbad900000 - 0x00007ffbad925000 	C:\dev-tools\jdk-17.0.1\bin\java.dll
0x00007ffbad710000 - 0x00007ffbad7e6000 	C:\dev-tools\jdk-17.0.1\bin\svml.dll
0x00007ffbd64e0000 - 0x00007ffbd6c24000 	C:\Windows\System32\SHELL32.dll
0x00007ffbd38a0000 - 0x00007ffbd4033000 	C:\Windows\SYSTEM32\windows.storage.dll
0x00007ffbd7500000 - 0x00007ffbd7854000 	C:\Windows\System32\combase.dll
0x00007ffbd50a0000 - 0x00007ffbd50ce000 	C:\Windows\SYSTEM32\Wldp.dll
0x00007ffbd6150000 - 0x00007ffbd61fd000 	C:\Windows\System32\SHCORE.dll
0x00007ffbd7340000 - 0x00007ffbd7395000 	C:\Windows\System32\shlwapi.dll
0x00007ffbd5740000 - 0x00007ffbd575f000 	C:\Windows\SYSTEM32\profapi.dll
0x00007ffbad6f0000 - 0x00007ffbad708000 	C:\dev-tools\jdk-17.0.1\bin\zip.dll
0x00007ffbb1390000 - 0x00007ffbb13a9000 	C:\dev-tools\jdk-17.0.1\bin\net.dll
0x00007ffbd06a0000 - 0x00007ffbd07aa000 	C:\Windows\SYSTEM32\WINHTTP.dll
0x00007ffbd4e80000 - 0x00007ffbd4eea000 	C:\Windows\system32\mswsock.dll
0x00007ffbad8e0000 - 0x00007ffbad8f5000 	C:\dev-tools\jdk-17.0.1\bin\nio.dll
0x00007ffbc8d90000 - 0x00007ffbc8daa000 	C:\Program Files\JetBrains\IntelliJ IDEA Community Edition 2022.2.3\bin\breakgen64.dll
0x00007ffbc85d0000 - 0x00007ffbc864a000 	C:\Users\yah\AppData\Local\Temp\lwjgl_yah\3.3.2+13\x64\lwjgl.dll
0x00007ffbbc050000 - 0x00007ffbbc1bc000 	C:\Windows\SYSTEM32\OpenCL.dll
0x00007ffbd5eb0000 - 0x00007ffbd5efe000 	C:\Windows\System32\CFGMGR32.dll
0x00007ffbd6e70000 - 0x00007ffbd6f9a000 	C:\Windows\System32\ole32.dll
0x00007ffbd78d0000 - 0x00007ffbd7979000 	C:\Windows\System32\clbcatq.dll
0x00007ffb87750000 - 0x00007ffb88194000 	C:\Windows\System32\DriverStore\FileRepository\nv_dispig.inf_amd64_abf7e4e84f20581c\nvopencl64.dll
0x00007ffbd53f0000 - 0x00007ffbd5402000 	C:\Windows\SYSTEM32\msasn1.dll
0x00007ffbcf350000 - 0x00007ffbcf381000 	C:\Windows\SYSTEM32\cryptnet.dll
0x00007ffbd5b40000 - 0x00007ffbd5c96000 	C:\Windows\System32\CRYPT32.dll
0x00007ffbcef40000 - 0x00007ffbcf088000 	C:\Windows\SYSTEM32\drvstore.dll
0x00007ffbd55b0000 - 0x00007ffbd55dc000 	C:\Windows\SYSTEM32\devobj.dll
0x00007ffbd5010000 - 0x00007ffbd501c000 	C:\Windows\SYSTEM32\cryptbase.dll
0x00007ffbcba90000 - 0x00007ffbcc242000 	C:\Windows\SYSTEM32\nvapi64.dll
0x00007ffbd7980000 - 0x00007ffbd7de8000 	C:\Windows\System32\SETUPAPI.dll
0x00007ffbd5b10000 - 0x00007ffbd5b37000 	C:\Windows\System32\bcrypt.dll
0x00007ffb73da0000 - 0x00007ffb77e98000 	C:\Windows\system32\DriverStore\FileRepository\nv_dispig.inf_amd64_abf7e4e84f20581c\nvvm64.dll
0x00007ffbd5150000 - 0x00007ffbd5168000 	C:\Windows\SYSTEM32\CRYPTSP.dll
0x00007ffbd47c0000 - 0x00007ffbd47f4000 	C:\Windows\system32\rsaenh.dll

dbghelp: loaded successfully - version: 4.0.5 - missing functions: none
symbol engine: initialized successfully - sym options: 0x614 - pdb path: .;C:\dev-tools\jdk-17.0.1\bin;C:\Windows\SYSTEM32;C:\Windows\WinSxS\amd64_microsoft.windows.common-controls_6595b64144ccf1df_6.0.19041.1110_none_60b5254171f9507e;C:\dev-tools\jdk-17.0.1\bin\server;C:\Program Files\JetBrains\IntelliJ IDEA Community Edition 2022.2.3\bin;C:\Users\yah\AppData\Local\Temp\lwjgl_yah\3.3.2+13\x64;C:\Windows\System32\DriverStore\FileRepository\nv_dispig.inf_amd64_abf7e4e84f20581c

VM Arguments:
jvm_args: -Dvisualvm.id=10214009937400 -javaagent:C:\Program Files\JetBrains\IntelliJ IDEA Community Edition 2022.2.3\lib\idea_rt.jar=50438:C:\Program Files\JetBrains\IntelliJ IDEA Community Edition 2022.2.3\bin -Dfile.encoding=UTF-8 
java_command: com.infine.demo.bcminer.cl.CLMiner
java_class_path (initial): C:\dev\Infine\bcminer\jbcminer\target\classes;C:\dev-tools\m2repo\com\google\code\findbugs\jsr305\3.0.2\jsr305-3.0.2.jar;C:\dev-tools\m2repo\com\fasterxml\jackson\core\jackson-databind\2.13.4.1\jackson-databind-2.13.4.1.jar;C:\dev-tools\m2repo\com\fasterxml\jackson\core\jackson-annotations\2.13.4\jackson-annotations-2.13.4.jar;C:\dev-tools\m2repo\com\fasterxml\jackson\core\jackson-core\2.13.4\jackson-core-2.13.4.jar;C:\dev-tools\m2repo\org\lwjgl\lwjgl\3.3.2\lwjgl-3.3.2.jar;C:\dev-tools\m2repo\org\lwjgl\lwjgl\3.3.2\lwjgl-3.3.2-natives-windows.jar;C:\dev-tools\m2repo\org\lwjgl\lwjgl-opencl\3.3.2\lwjgl-opencl-3.3.2.jar;C:\dev-tools\m2repo\org\lwjgl\lwjgl-cuda\3.3.2\lwjgl-cuda-3.3.2.jar
Launcher Type: SUN_STANDARD

[Global flags]
     intx CICompilerCount                          = 4                                         {product} {ergonomic}
     uint ConcGCThreads                            = 3                                         {product} {ergonomic}
     uint G1ConcRefinementThreads                  = 10                                        {product} {ergonomic}
   size_t G1HeapRegionSize                         = 2097152                                   {product} {ergonomic}
    uintx GCDrainStackTargetSize                   = 64                                        {product} {ergonomic}
   size_t InitialHeapSize                          = 268435456                                 {product} {ergonomic}
   size_t MarkStackSize                            = 4194304                                   {product} {ergonomic}
   size_t MaxHeapSize                              = 4282384384                                {product} {ergonomic}
   size_t MaxNewSize                               = 2569011200                                {product} {ergonomic}
   size_t MinHeapDeltaBytes                        = 2097152                                   {product} {ergonomic}
   size_t MinHeapSize                              = 8388608                                   {product} {ergonomic}
    uintx NonNMethodCodeHeapSize                   = 5839372                                {pd product} {ergonomic}
    uintx NonProfiledCodeHeapSize                  = 122909434                              {pd product} {ergonomic}
    uintx ProfiledCodeHeapSize                     = 122909434                              {pd product} {ergonomic}
    uintx ReservedCodeCacheSize                    = 251658240                              {pd product} {ergonomic}
     bool SegmentedCodeCache                       = true                                      {product} {ergonomic}
   size_t SoftMaxHeapSize                          = 4282384384                             {manageable} {ergonomic}
     bool UseCompressedClassPointers               = true                           {product lp64_product} {ergonomic}
     bool UseCompressedOops                        = true                           {product lp64_product} {ergonomic}
     bool UseG1GC                                  = true                                      {product} {ergonomic}
     bool UseLargePagesIndividualAllocation        = false                                  {pd product} {ergonomic}

Logging:
Log output configuration:
 #0: stdout all=warning uptime,level,tags
 #1: stderr all=off uptime,level,tags

Environment Variables:
JAVA_HOME=C:\dev-tools\jdk-17.0.1
PATH=C:\Program Files\NVIDIA GPU Computing Toolkit\CUDA\v11.7\bin;C:\Program Files\NVIDIA GPU Computing Toolkit\CUDA\v11.7\libnvvp;;;;;C:\Windows\system32;C:\Windows;C:\Windows\System32\Wbem;C:\Windows\System32\WindowsPowerShell\v1.0\;C:\Windows\System32\OpenSSH\;C:\Program Files (x86)\NVIDIA Corporation\PhysX\Common;C:\Program Files\nodejs\;C:\Program Files\Inkscape\bin;C:\Program Files\Git\cmd;C:\Program Files\Docker\Docker\resources\bin;C:\Program Files\dotnet\;C:\Users\yah\AppData\Local\Microsoft\WindowsApps;C:\Program Files\JetBrains\IntelliJ IDEA Community Edition 2022.2.3\bin;;C:\Program Files\JetBrains\WebStorm 2022.2.2\bin;;C:\Users\yah\AppData\Roaming\npm;C:\dev-tools\jdk-17.0.1\bin;C:\dev-tools\apache-maven-3.8.3\bin;C:\dev-tools\apache-ant-1.9.16\bin;C:\dev-tools\Microsoft VS Code\bin;C:\Users\yah\.dotnet\tools;
USERNAME=yah
OS=Windows_NT
PROCESSOR_IDENTIFIER=AMD64 Family 23 Model 113 Stepping 0, AuthenticAMD



---------------  S Y S T E M  ---------------

OS:
 Windows 10 , 64 bit Build 19041 (10.0.19041.2788)
OS uptime: 0 days 2:50 hours
Hyper-V role detected

CPU: total 12 (initial active 12) (12 cores per cpu, 2 threads per core) family 23 model 113 stepping 0 microcode 0x0, cx8, cmov, fxsr, ht, mmx, 3dnowpref, sse, sse2, sse3, ssse3, sse4a, sse4.1, sse4.2, popcnt, lzcnt, tsc, tscinvbit, avx, avx2, aes, clmul, bmi1, bmi2, adx, sha, fma, vzeroupper, clflush, clflushopt, hv

Memory: 4k page, system-wide physical 16332M (9608M free)
TotalPageFile size 18764M (AvailPageFile size 9459M)
current process WorkingSet (physical memory assigned to process): 182M, peak: 191M
current process commit charge ("private bytes"): 591M, peak: 601M

vm_info: OpenJDK 64-Bit Server VM (17.0.1+12-39) for windows-amd64 JRE (17.0.1+12-39), built on Sep 27 2021 18:39:29 by "mach5one" with MS VC++ 16.8 (VS2019)

END.
